
2024-03-15T12:58:23.490744519+01:00 - Key: 'c', Latency: 7.0010s
2024-03-15T12:58:23.681162445+01:00 - Key: 'a', Latency: 190.4224ms
2024-03-15T12:58:23.973601770+01:00 - Key: 't', Latency: 292.4364ms
2024-03-15T12:58:24.110288801+01:00 - Key: ' ', Latency: 136.6901ms
2024-03-15T12:58:24.260232994+01:00 - Key: 'f', Latency: 149.9419ms
2024-03-15T12:58:24.386422376+01:00 - Key: 'i', Latency: 126.1870ms
2024-03-15T12:58:24.587439928+01:00 - Key: 'l', Latency: 201.0222ms
2024-03-15T12:58:24.714702636+01:00 - Key: 'e', Latency: 127.2620ms
2024-03-15T12:58:24.905160031+01:00 - Key: 'Enter', Latency: 190.4705ms
2024-03-15T12:58:26.665379730+01:00 - Key: 'c', Latency: 1.7601s
2024-03-15T12:58:26.764502764+01:00 - Key: 'h', Latency: 99.1193ms
2024-03-15T12:58:26.995963122+01:00 - Key: 'm', Latency: 231.4617ms
2024-03-15T12:58:27.127063222+01:00 - Key: 'o', Latency: 131.0918ms
2024-03-15T12:58:27.281691567+01:00 - Key: 'd', Latency: 154.6348ms
2024-03-15T12:58:27.561678810+01:00 - Key: ' ', Latency: 279.9913ms
2024-03-15T12:58:27.792232573+01:00 - Key: '_', Latency: 230.5506ms
2024-03-15T12:58:28.106414054+01:00 - Key: 'x', Latency: 314.1831ms
2024-03-15T12:58:28.488513950+01:00 - Key: 'Backspace', Latency: 382.0550ms
2024-03-15T12:58:28.654236064+01:00 - Key: 'Backspace', Latency: 165.7686ms
2024-03-15T12:58:28.843451981+01:00 - Key: '+', Latency: 189.2033ms
2024-03-15T12:58:29.124662303+01:00 - Key: 'x', Latency: 281.2227ms
2024-03-15T12:58:30.381156392+01:00 - Key: ' ', Latency: 1.2565s
2024-03-15T12:58:30.516973910+01:00 - Key: 'f', Latency: 135.8136ms
2024-03-15T12:58:30.628956509+01:00 - Key: 'i', Latency: 111.9871ms
2024-03-15T12:58:30.896909190+01:00 - Key: 'l', Latency: 267.9514ms
2024-03-15T12:58:31.510691695+01:00 - Key: 'e', Latency: 613.7804ms
2024-03-15T12:58:32.147153210+01:00 - Key: 'Enter', Latency: 636.4771ms
2024-03-15T12:58:34.559016193+01:00 - Key: 'r', Latency: 2.4118s
2024-03-15T12:58:34.668672020+01:00 - Key: 'm', Latency: 109.6629ms
2024-03-15T12:58:34.891972314+01:00 - Key: 'd', Latency: 223.3014ms
2024-03-15T12:58:35.056809501+01:00 - Key: 'i', Latency: 164.8348ms
2024-03-15T12:58:35.208370282+01:00 - Key: 'r', Latency: 151.5609ms
2024-03-15T12:58:35.379918266+01:00 - Key: ' ', Latency: 171.5495ms
2024-03-15T12:58:35.753929012+01:00 - Key: 'e', Latency: 374.0111ms
2024-03-15T12:58:36.128714725+01:00 - Key: 'Backspace', Latency: 374.7776ms
2024-03-15T12:58:36.869168440+01:00 - Key: '/', Latency: 740.4453ms
2024-03-15T12:58:37.379804299+01:00 - Key: 'e', Latency: 510.6485ms
2024-03-15T12:58:37.685256472+01:00 - Key: '	', Latency: 305.4509ms
2024-03-15T12:58:38.433146042+01:00 - Key: 'Backspace', Latency: 747.8888ms
2024-03-15T12:58:38.901934232+01:00 - Key: 'Backspace', Latency: 468.7949ms
2024-03-15T12:58:39.298396208+01:00 - Key: 'Backspace', Latency: 396.4615ms
2024-03-15T12:58:39.571210736+01:00 - Key: 'Backspace', Latency: 272.8098ms
2024-03-15T12:58:39.784441236+01:00 - Key: 'Backspace', Latency: 213.2302ms
2024-03-15T12:58:39.955843251+01:00 - Key: 'Backspace', Latency: 171.3965ms
2024-03-15T12:58:40.160264014+01:00 - Key: 'Backspace', Latency: 204.4235ms
2024-03-15T12:58:40.386742621+01:00 - Key: 'Backspace', Latency: 226.4788ms
2024-03-15T12:58:40.777780334+01:00 - Key: 't', Latency: 391.0403ms
2024-03-15T12:58:41.130711892+01:00 - Key: 'c', Latency: 352.9366ms
2024-03-15T12:58:43.397719984+01:00 - Key: '/', Latency: 2.2670s
2024-03-15T12:58:45.095757496+01:00 - Key: 'i', Latency: 1.6980s
2024-03-15T12:58:45.245505897+01:00 - Key: 'd', Latency: 149.7432ms
2024-03-15T12:58:46.227954385+01:00 - Key: '	', Latency: 982.4534ms
2024-03-15T12:58:46.897201294+01:00 - Key: 'Backspace', Latency: 669.2473ms
2024-03-15T12:58:47.498393836+01:00 - Key: 'Backspace', Latency: 601.1922ms
2024-03-15T12:58:47.939943068+01:00 - Key: 'Backspace', Latency: 441.5454ms
2024-03-15T12:58:48.382199915+01:00 - Key: 'Enter', Latency: 442.2713ms
2024-03-15T12:58:54.835304880+01:00 - Key: 'r', Latency: 6.4531s
2024-03-15T12:58:55.014540396+01:00 - Key: 'm', Latency: 179.2130ms
2024-03-15T12:58:55.685956085+01:00 - Key: 'd', Latency: 671.4390ms
2024-03-15T12:58:55.864214400+01:00 - Key: 'i', Latency: 178.2588ms
2024-03-15T12:58:56.084408341+01:00 - Key: 'r', Latency: 220.1904ms
2024-03-15T12:58:56.769470696+01:00 - Key: ' ', Latency: 685.0611ms
2024-03-15T12:58:57.590414320+01:00 - Key: '/', Latency: 820.9473ms
2024-03-15T12:58:57.828685460+01:00 - Key: 'e', Latency: 238.2642ms
2024-03-15T12:58:58.016044594+01:00 - Key: 't', Latency: 187.3480ms
2024-03-15T12:58:58.288164469+01:00 - Key: 'c', Latency: 272.1358ms
2024-03-15T12:58:58.593213023+01:00 - Key: '/', Latency: 305.0442ms
2024-03-15T12:58:59.062685464+01:00 - Key: 'i', Latency: 469.4748ms
2024-03-15T12:58:59.211161110+01:00 - Key: 'd', Latency: 148.4781ms
2024-03-15T12:58:59.531240700+01:00 - Key: 'Enter', Latency: 320.0813ms
2024-03-15T12:59:02.096535083+01:00 - Key: 'c', Latency: 2.5652s
2024-03-15T12:59:02.317412147+01:00 - Key: 'p', Latency: 220.8754ms
2024-03-15T12:59:02.687276100+01:00 - Key: ' ', Latency: 369.8629ms
2024-03-15T12:59:04.060067373+01:00 - Key: 'i', Latency: 1.3728s
2024-03-15T12:59:04.548915657+01:00 - Key: 'd', Latency: 488.8422ms
2024-03-15T12:59:05.016004897+01:00 - Key: '_', Latency: 467.0958ms
2024-03-15T12:59:05.409300444+01:00 - Key: 'r', Latency: 393.2867ms
2024-03-15T12:59:05.744160292+01:00 - Key: 's', Latency: 334.8701ms
2024-03-15T12:59:05.892429963+01:00 - Key: 'a', Latency: 148.2663ms
2024-03-15T12:59:06.942940818+01:00 - Key: ' ', Latency: 1.0505s
2024-03-15T12:59:07.087497135+01:00 - Key: 'f', Latency: 144.5731ms
2024-03-15T12:59:07.271166933+01:00 - Key: 'i', Latency: 183.6719ms
2024-03-15T12:59:07.477688384+01:00 - Key: 'l', Latency: 206.5161ms
2024-03-15T12:59:07.581096079+01:00 - Key: 'e', Latency: 103.3789ms
2024-03-15T12:59:07.843808390+01:00 - Key: '2', Latency: 262.7457ms
2024-03-15T12:59:08.047470395+01:00 - Key: 'Enter', Latency: 203.6710ms
2024-03-15T12:59:10.167034449+01:00 - Key: 'c', Latency: 2.1194s
2024-03-15T12:59:10.437842220+01:00 - Key: 'd', Latency: 270.8146ms
2024-03-15T12:59:10.788499866+01:00 - Key: ' ', Latency: 350.6585ms
2024-03-15T12:59:11.750487016+01:00 - Key: '~', Latency: 961.9895ms
2024-03-15T12:59:12.344185443+01:00 - Key: 'Enter', Latency: 593.7152ms
2024-03-15T12:59:14.285137985+01:00 - Key: 'f', Latency: 1.9409s
2024-03-15T12:59:14.423187261+01:00 - Key: 'i', Latency: 138.0500ms
2024-03-15T12:59:14.619150253+01:00 - Key: 'n', Latency: 195.9632ms
2024-03-15T12:59:14.787735795+01:00 - Key: 'd', Latency: 168.5806ms
2024-03-15T12:59:15.881718382+01:00 - Key: 'm', Latency: 1.0940s
2024-03-15T12:59:16.100672004+01:00 - Key: 'n', Latency: 218.9597ms
2024-03-15T12:59:16.238164546+01:00 - Key: 't', Latency: 137.4979ms
2024-03-15T12:59:16.486454889+01:00 - Key: 'Enter', Latency: 248.3031ms
2024-03-15T12:59:18.273791019+01:00 - Key: 'd', Latency: 1.7873s
2024-03-15T12:59:19.150202828+01:00 - Key: 'f', Latency: 876.4114ms
2024-03-15T12:59:19.599457137+01:00 - Key: ' ', Latency: 449.2592ms
2024-03-15T12:59:19.876699398+01:00 - Key: '-', Latency: 277.2361ms
2024-03-15T12:59:20.354545389+01:00 - Key: 'h', Latency: 477.8456ms
2024-03-15T12:59:20.671310789+01:00 - Key: 'T', Latency: 316.7722ms
2024-03-15T12:59:20.912851457+01:00 - Key: 'Enter', Latency: 241.5532ms
2024-03-15T12:59:22.350679731+01:00 - Key: 's', Latency: 1.4377s
2024-03-15T12:59:22.471840058+01:00 - Key: 'y', Latency: 121.1587ms
2024-03-15T12:59:22.646959070+01:00 - Key: 's', Latency: 175.1181ms
2024-03-15T12:59:22.824189144+01:00 - Key: 't', Latency: 177.2320ms
2024-03-15T12:59:22.896988473+01:00 - Key: 'e', Latency: 72.7962ms
2024-03-15T12:59:22.981926472+01:00 - Key: 'm', Latency: 84.9475ms
2024-03-15T12:59:23.463496465+01:00 - Key: '	', Latency: 481.5680ms
2024-03-15T12:59:24.049728778+01:00 - Key: 'Backspace', Latency: 586.2197ms
2024-03-15T12:59:24.324972598+01:00 - Key: 'c', Latency: 275.2523ms
2024-03-15T12:59:24.668924656+01:00 - Key: 'Backspace', Latency: 343.9531ms
2024-03-15T12:59:24.833457528+01:00 - Key: 'Backspace', Latency: 164.5334ms
2024-03-15T12:59:25.032684339+01:00 - Key: 'Backspace', Latency: 199.2304ms
2024-03-15T12:59:25.117756233+01:00 - Key: 'c', Latency: 85.0652ms
2024-03-15T12:59:25.659207065+01:00 - Key: 'Backspace', Latency: 541.4586ms
2024-03-15T12:59:25.885984601+01:00 - Key: 'm', Latency: 226.7767ms
2024-03-15T12:59:26.110791336+01:00 - Key: 'c', Latency: 224.8006ms
2024-03-15T12:59:26.366524777+01:00 - Key: 't', Latency: 255.7236ms
2024-03-15T12:59:26.588703794+01:00 - Key: 'l', Latency: 222.1951ms
2024-03-15T12:59:26.961427523+01:00 - Key: ' ', Latency: 372.7215ms
2024-03-15T12:59:27.128910128+01:00 - Key: 's', Latency: 167.4783ms
2024-03-15T12:59:27.281399780+01:00 - Key: 't', Latency: 152.4970ms
2024-03-15T12:59:27.459396753+01:00 - Key: 'a', Latency: 177.9929ms
2024-03-15T12:59:27.628706393+01:00 - Key: 't', Latency: 169.3129ms
2024-03-15T12:59:27.750719066+01:00 - Key: 'u', Latency: 122.0056ms
2024-03-15T12:59:28.083521304+01:00 - Key: 's', Latency: 332.8017ms
2024-03-15T12:59:28.085005037+01:00 - Key: ' ', Latency: 1.4921ms
2024-03-15T12:59:28.133172542+01:00 - Key: 's', Latency: 48.1636ms
2024-03-15T12:59:28.561153560+01:00 - Key: 'e', Latency: 427.9855ms
2024-03-15T12:59:28.636273388+01:00 - Key: 'r', Latency: 75.1097ms
2024-03-15T12:59:28.863448103+01:00 - Key: 'v', Latency: 227.1823ms
2024-03-15T12:59:28.994988221+01:00 - Key: 'i', Latency: 131.5394ms
2024-03-15T12:59:29.183493741+01:00 - Key: 'c', Latency: 188.4989ms
2024-03-15T12:59:29.335340834+01:00 - Key: 'e', Latency: 151.8063ms
2024-03-15T12:59:29.664391917+01:00 - Key: 'Enter', Latency: 329.1129ms
2024-03-15T12:59:30.543244189+01:00 - Key: 's', Latency: 878.8358ms
2024-03-15T12:59:30.691787596+01:00 - Key: 'y', Latency: 148.5416ms
2024-03-15T12:59:30.859493808+01:00 - Key: 's', Latency: 167.7079ms
2024-03-15T12:59:31.144706489+01:00 - Key: 'm', Latency: 285.2115ms
2024-03-15T12:59:32.326792566+01:00 - Key: 'Backspace', Latency: 1.1821s
2024-03-15T12:59:32.835410060+01:00 - Key: 'Backspace', Latency: 508.6306ms
2024-03-15T12:59:33.018500560+01:00 - Key: 'Backspace', Latency: 183.0907ms
2024-03-15T12:59:33.183442039+01:00 - Key: 'Backspace', Latency: 164.9402ms
2024-03-15T12:59:33.353718516+01:00 - Key: 'Backspace', Latency: 170.2862ms
2024-03-15T12:59:33.616902283+01:00 - Key: 's', Latency: 263.1739ms
2024-03-15T12:59:33.936453642+01:00 - Key: 'y', Latency: 319.5456ms
2024-03-15T12:59:33.937284775+01:00 - Key: 'u', Latency: 843.8970µs
2024-03-15T12:59:34.190404550+01:00 - Key: 's', Latency: 253.1142ms
2024-03-15T12:59:34.415518937+01:00 - Key: 't', Latency: 225.1137ms
2024-03-15T12:59:34.649489094+01:00 - Key: 'Backspace', Latency: 233.9691ms
2024-03-15T12:59:34.819764964+01:00 - Key: 'Backspace', Latency: 170.2713ms
2024-03-15T12:59:34.990706892+01:00 - Key: 'Backspace', Latency: 170.9434ms
2024-03-15T12:59:35.328656736+01:00 - Key: 's', Latency: 337.9543ms
2024-03-15T12:59:35.589104382+01:00 - Key: 't', Latency: 260.4486ms
2024-03-15T12:59:35.660987237+01:00 - Key: 'e', Latency: 71.8762ms
2024-03-15T12:59:35.754436878+01:00 - Key: 'm', Latency: 93.4502ms
2024-03-15T12:59:37.410172380+01:00 - Key: 'Enter', Latency: 1.6558s
2024-03-15T12:59:37.923479983+01:00 - Key: 's', Latency: 513.2938ms
2024-03-15T12:59:38.141346460+01:00 - Key: 'y', Latency: 217.8603ms
2024-03-15T12:59:38.320430939+01:00 - Key: 's', Latency: 179.0917ms
2024-03-15T12:59:38.539176735+01:00 - Key: 't', Latency: 218.7462ms
2024-03-15T12:59:38.651801260+01:00 - Key: 'e', Latency: 112.6236ms
2024-03-15T12:59:39.131931436+01:00 - Key: 'm', Latency: 480.1256ms
2024-03-15T12:59:40.095883246+01:00 - Key: 'c', Latency: 963.9414ms
2024-03-15T12:59:40.288186186+01:00 - Key: 't', Latency: 192.3166ms
2024-03-15T12:59:41.285135968+01:00 - Key: 'l', Latency: 996.9519ms
2024-03-15T12:59:41.964947346+01:00 - Key: ' ', Latency: 679.8114ms
2024-03-15T12:59:42.160207704+01:00 - Key: 's', Latency: 195.2614ms
2024-03-15T12:59:42.355495349+01:00 - Key: 't', Latency: 195.2875ms
2024-03-15T12:59:42.585184008+01:00 - Key: 'a', Latency: 229.6800ms
2024-03-15T12:59:42.787721320+01:00 - Key: 't', Latency: 202.5457ms
2024-03-15T12:59:42.971447745+01:00 - Key: 'u', Latency: 183.7144ms
2024-03-15T12:59:43.178436112+01:00 - Key: 's', Latency: 207.0006ms
2024-03-15T12:59:43.705452379+01:00 - Key: ' ', Latency: 527.0157ms
2024-03-15T12:59:43.904217836+01:00 - Key: 's', Latency: 198.7586ms
2024-03-15T12:59:44.111393896+01:00 - Key: 'e', Latency: 207.1835ms
2024-03-15T12:59:44.207754751+01:00 - Key: 'r', Latency: 96.3538ms
2024-03-15T12:59:44.404176659+01:00 - Key: 'v', Latency: 196.4208ms
2024-03-15T12:59:44.918749904+01:00 - Key: 'i', Latency: 514.5784ms
2024-03-15T12:59:45.118711617+01:00 - Key: 'c', Latency: 199.9603ms
2024-03-15T12:59:45.277930624+01:00 - Key: 'e', Latency: 159.2197ms
2024-03-15T12:59:45.539013263+01:00 - Key: 'Enter', Latency: 261.0976ms
2024-03-15T12:59:47.264178847+01:00 - Key: 'p', Latency: 1.7250s
2024-03-15T12:59:47.407347735+01:00 - Key: 's', Latency: 143.2000ms
2024-03-15T12:59:47.563469164+01:00 - Key: ' ', Latency: 156.1181ms
2024-03-15T12:59:47.776010828+01:00 - Key: '-', Latency: 212.5412ms
2024-03-15T12:59:48.117281244+01:00 - Key: 'a', Latency: 341.2559ms
2024-03-15T12:59:48.344962999+01:00 - Key: 'u', Latency: 227.6911ms
2024-03-15T12:59:48.511420065+01:00 - Key: 's', Latency: 166.4632ms
2024-03-15T12:59:49.178450170+01:00 - Key: 'Backspace', Latency: 667.0251ms
2024-03-15T12:59:49.646764556+01:00 - Key: 'x', Latency: 468.3188ms
2024-03-15T12:59:49.936207193+01:00 - Key: 'Enter', Latency: 289.4583ms
2024-03-15T12:59:51.952485857+01:00 - Key: 'm', Latency: 2.0162s
2024-03-15T12:59:52.178426577+01:00 - Key: 'o', Latency: 225.9616ms
2024-03-15T12:59:52.279830509+01:00 - Key: 'u', Latency: 101.4037ms
2024-03-15T12:59:52.525397399+01:00 - Key: 'n', Latency: 245.5664ms
2024-03-15T12:59:52.628883982+01:00 - Key: 't', Latency: 103.4828ms
2024-03-15T12:59:52.767480218+01:00 - Key: ' ', Latency: 138.5921ms
2024-03-15T12:59:53.028469068+01:00 - Key: '/', Latency: 260.9909ms
2024-03-15T12:59:53.194437083+01:00 - Key: 'd', Latency: 165.9746ms
2024-03-15T12:59:53.281155365+01:00 - Key: 'e', Latency: 86.7167ms
2024-03-15T12:59:53.552180645+01:00 - Key: 'v', Latency: 271.0261ms
2024-03-15T12:59:54.308643438+01:00 - Key: ' ', Latency: 756.4637ms
2024-03-15T12:59:54.982483968+01:00 - Key: 'Backspace', Latency: 673.8313ms
2024-03-15T12:59:55.290755660+01:00 - Key: '/', Latency: 308.2750ms
2024-03-15T12:59:55.433424025+01:00 - Key: 's', Latency: 142.6693ms
2024-03-15T12:59:55.633169083+01:00 - Key: 'd', Latency: 199.7465ms
2024-03-15T12:59:56.568742826+01:00 - Key: 'a', Latency: 935.5723ms
2024-03-15T12:59:57.014018287+01:00 - Key: '2', Latency: 445.2123ms
2024-03-15T12:59:58.042207677+01:00 - Key: ' ', Latency: 1.0283s
2024-03-15T12:59:58.349446787+01:00 - Key: '/', Latency: 307.2353ms
2024-03-15T12:59:59.069517234+01:00 - Key: 'm', Latency: 720.0717ms
2024-03-15T12:59:59.243948181+01:00 - Key: 'n', Latency: 174.4367ms
2024-03-15T12:59:59.397217312+01:00 - Key: 't', Latency: 153.2674ms
2024-03-15T12:59:59.799171741+01:00 - Key: 'Enter', Latency: 401.9701ms
2024-03-15T13:00:01.073176366+01:00 - Key: 'i', Latency: 1.2739s
2024-03-15T13:00:01.356213672+01:00 - Key: 'p', Latency: 283.0473ms
2024-03-15T13:00:01.477191513+01:00 - Key: ' ', Latency: 120.9779ms
2024-03-15T13:00:01.586258972+01:00 - Key: 'a', Latency: 109.0647ms
2024-03-15T13:00:01.769904839+01:00 - Key: 'd', Latency: 183.6359ms
2024-03-15T13:00:01.910006802+01:00 - Key: 'd', Latency: 140.1082ms
2024-03-15T13:00:02.469436447+01:00 - Key: 'r', Latency: 559.4332ms
2024-03-15T13:00:02.782932578+01:00 - Key: 'Enter', Latency: 313.5117ms
2024-03-15T13:00:04.813499149+01:00 - Key: 'u', Latency: 2.0305s
2024-03-15T13:00:05.012997319+01:00 - Key: 'f', Latency: 199.5009ms
2024-03-15T13:00:05.303004072+01:00 - Key: 'w', Latency: 290.0082ms
2024-03-15T13:00:05.602509210+01:00 - Key: ' ', Latency: 299.4918ms
2024-03-15T13:00:05.812743246+01:00 - Key: 'e', Latency: 210.2446ms
2024-03-15T13:00:05.966403626+01:00 - Key: 'n', Latency: 153.6599ms
2024-03-15T13:00:06.090168663+01:00 - Key: 'a', Latency: 123.7689ms
2024-03-15T13:00:06.307216406+01:00 - Key: 'b', Latency: 217.0465ms
2024-03-15T13:00:06.448976449+01:00 - Key: 'l', Latency: 141.7540ms
2024-03-15T13:00:06.553937389+01:00 - Key: 'e', Latency: 104.9663ms
2024-03-15T13:00:06.894436297+01:00 - Key: 'Enter', Latency: 340.5101ms
2024-03-15T13:00:08.027495528+01:00 - Key: 'p', Latency: 1.1330s
2024-03-15T13:00:08.258235662+01:00 - Key: 'i', Latency: 230.7414ms
2024-03-15T13:00:08.405274251+01:00 - Key: 'n', Latency: 147.0411ms
2024-03-15T13:00:08.545294804+01:00 - Key: 'g', Latency: 140.0151ms
2024-03-15T13:00:08.659737464+01:00 - Key: ' ', Latency: 114.4491ms
2024-03-15T13:00:08.950175443+01:00 - Key: 'h', Latency: 290.4342ms
2024-03-15T13:00:09.166238103+01:00 - Key: 'o', Latency: 216.0662ms
2024-03-15T13:00:09.403455372+01:00 - Key: 's', Latency: 237.2192ms
2024-03-15T13:00:09.625607391+01:00 - Key: 't', Latency: 221.7134ms
2024-03-15T13:00:09.818223712+01:00 - Key: 'Enter', Latency: 193.0652ms
2024-03-15T13:00:11.088413578+01:00 - Key: 'i', Latency: 1.2701s
2024-03-15T13:00:11.263757942+01:00 - Key: 'f', Latency: 175.3437ms
2024-03-15T13:00:11.700762739+01:00 - Key: 'c', Latency: 437.0008ms
2024-03-15T13:00:11.798390301+01:00 - Key: 'o', Latency: 97.6238ms
2024-03-15T13:00:12.572566082+01:00 - Key: 'n', Latency: 774.1687ms
2024-03-15T13:00:12.717649672+01:00 - Key: 'f', Latency: 145.0819ms
2024-03-15T13:00:12.905668895+01:00 - Key: 'u', Latency: 188.0272ms
2024-03-15T13:00:13.025462045+01:00 - Key: 'g', Latency: 119.8030ms
2024-03-15T13:00:13.640250663+01:00 - Key: 'Backspace', Latency: 614.7800ms
2024-03-15T13:00:13.787748355+01:00 - Key: 'Backspace', Latency: 147.5022ms
2024-03-15T13:00:13.983977350+01:00 - Key: 'i', Latency: 196.2203ms
2024-03-15T13:00:14.075878989+01:00 - Key: 'g', Latency: 91.9135ms
2024-03-15T13:00:14.436980976+01:00 - Key: 'Enter', Latency: 361.1129ms
2024-03-15T13:00:15.857421652+01:00 - Key: 'u', Latency: 1.4203s
2024-03-15T13:00:16.001706307+01:00 - Key: 's', Latency: 144.2780ms
2024-03-15T13:00:16.542672839+01:00 - Key: 'Backspace', Latency: 540.9697ms
2024-03-15T13:00:16.725068283+01:00 - Key: 'Backspace', Latency: 182.3986ms
2024-03-15T13:00:17.006558264+01:00 - Key: 's', Latency: 281.4687ms
2024-03-15T13:00:18.079439211+01:00 - Key: 's', Latency: 1.0729s
2024-03-15T13:00:18.168802765+01:00 - Key: 'h', Latency: 89.3657ms
2024-03-15T13:00:18.494487701+01:00 - Key: ' ', Latency: 325.6771ms
2024-03-15T13:00:18.664948928+01:00 - Key: 'u', Latency: 170.4704ms
2024-03-15T13:00:18.798786329+01:00 - Key: 's', Latency: 132.2090ms
2024-03-15T13:00:19.045744321+01:00 - Key: 'e', Latency: 248.5775ms
2024-03-15T13:00:19.092950390+01:00 - Key: 'r', Latency: 47.2182ms
2024-03-15T13:00:19.586424465+01:00 - Key: '@', Latency: 493.4719ms
2024-03-15T13:00:19.935817475+01:00 - Key: 'h', Latency: 349.3948ms
2024-03-15T13:00:20.214958561+01:00 - Key: 'o', Latency: 279.1414ms
2024-03-15T13:00:20.390456399+01:00 - Key: 's', Latency: 175.4964ms
2024-03-15T13:00:20.654706546+01:00 - Key: 't', Latency: 264.2486ms
2024-03-15T13:00:21.360396912+01:00 - Key: 'Enter', Latency: 705.7076ms
2024-03-15T13:00:22.712548381+01:00 - Key: 'd', Latency: 1.3520s
2024-03-15T13:00:22.856005133+01:00 - Key: 'i', Latency: 143.4537ms
2024-03-15T13:00:22.964928578+01:00 - Key: 's', Latency: 108.9252ms
2024-03-15T13:00:23.347173648+01:00 - Key: 't', Latency: 382.2273ms
2024-03-15T13:00:23.347505229+01:00 - Key: '-', Latency: 351.9200µs
2024-03-15T13:00:23.411719683+01:00 - Key: 'g', Latency: 64.2188ms
2024-03-15T13:00:23.495475363+01:00 - Key: 'r', Latency: 83.7500ms
2024-03-15T13:00:24.462693429+01:00 - Key: 'Backspace', Latency: 967.2236ms
2024-03-15T13:00:24.615088518+01:00 - Key: 'Backspace', Latency: 152.3333ms
2024-03-15T13:00:24.824244190+01:00 - Key: 'u', Latency: 209.2178ms
2024-03-15T13:00:25.059157430+01:00 - Key: 'p', Latency: 234.9116ms
2024-03-15T13:00:25.098429870+01:00 - Key: 'g', Latency: 39.2666ms
2024-03-15T13:00:25.254802884+01:00 - Key: 'r', Latency: 156.3715ms
2024-03-15T13:00:25.393913300+01:00 - Key: 'a', Latency: 139.1184ms
2024-03-15T13:00:25.559412798+01:00 - Key: 'd', Latency: 165.4955ms
2024-03-15T13:00:25.699969599+01:00 - Key: 'e', Latency: 140.5577ms
2024-03-15T13:00:26.060422784+01:00 - Key: 'Enter', Latency: 360.4667ms
2024-03-15T13:00:27.488058178+01:00 - Key: 'y', Latency: 1.4275s
2024-03-15T13:00:27.765164480+01:00 - Key: 'u', Latency: 277.1305ms
2024-03-15T13:00:28.059415566+01:00 - Key: 'm', Latency: 294.2584ms
2024-03-15T13:00:28.545226170+01:00 - Key: ' ', Latency: 485.8022ms
2024-03-15T13:00:28.706947269+01:00 - Key: 'i', Latency: 161.7197ms
2024-03-15T13:00:29.403709748+01:00 - Key: 'n', Latency: 696.7698ms
2024-03-15T13:00:29.611770807+01:00 - Key: 's', Latency: 208.0573ms
2024-03-15T13:00:29.767212410+01:00 - Key: 't', Latency: 155.4458ms
2024-03-15T13:00:29.974717274+01:00 - Key: 'a', Latency: 207.5031ms
2024-03-15T13:00:30.063169027+01:00 - Key: 'l', Latency: 88.4457ms
2024-03-15T13:00:30.226212749+01:00 - Key: 'l', Latency: 163.0447ms
2024-03-15T13:00:30.391721939+01:00 - Key: ' ', Latency: 165.5153ms
2024-03-15T13:00:30.538234906+01:00 - Key: 'p', Latency: 146.5142ms
2024-03-15T13:00:30.644192706+01:00 - Key: 'a', Latency: 105.9573ms
2024-03-15T13:00:30.909436196+01:00 - Key: 'c', Latency: 265.2337ms
2024-03-15T13:00:31.075985865+01:00 - Key: 'k', Latency: 166.5560ms
2024-03-15T13:00:31.241159698+01:00 - Key: 'a', Latency: 165.1756ms
2024-03-15T13:00:31.483198514+01:00 - Key: 'g', Latency: 242.0407ms
2024-03-15T13:00:31.561675898+01:00 - Key: 'e', Latency: 78.4747ms
2024-03-15T13:00:31.814198462+01:00 - Key: 'Enter', Latency: 252.5370ms
2024-03-15T13:00:33.228135892+01:00 - Key: 's', Latency: 1.4138s
2024-03-15T13:00:33.295193813+01:00 - Key: 'u', Latency: 67.0615ms
2024-03-15T13:00:33.499964985+01:00 - Key: 'd', Latency: 204.7706ms
2024-03-15T13:00:34.333492180+01:00 - Key: 'o', Latency: 833.5270ms
2024-03-15T13:00:34.500712014+01:00 - Key: ' ', Latency: 167.2231ms
2024-03-15T13:00:34.653567962+01:00 - Key: 'a', Latency: 152.8454ms
2024-03-15T13:00:34.791450465+01:00 - Key: 'p', Latency: 137.8957ms
2024-03-15T13:00:34.951738100+01:00 - Key: 't', Latency: 160.2858ms
2024-03-15T13:00:35.053174669+01:00 - Key: ' ', Latency: 101.4357ms
2024-03-15T13:00:35.235499956+01:00 - Key: 'u', Latency: 182.3266ms
2024-03-15T13:00:35.509689685+01:00 - Key: 'p', Latency: 274.1899ms
2024-03-15T13:00:35.543201382+01:00 - Key: 'd', Latency: 33.5036ms
2024-03-15T13:00:35.712880652+01:00 - Key: 'a', Latency: 169.6878ms
2024-03-15T13:00:36.005917326+01:00 - Key: 't', Latency: 293.0369ms
2024-03-15T13:00:36.326386018+01:00 - Key: 'e', Latency: 320.4644ms
2024-03-15T13:00:36.511154536+01:00 - Key: 'Enter', Latency: 184.7847ms
2024-03-15T13:00:37.842921690+01:00 - Key: 'p', Latency: 1.3317s
2024-03-15T13:00:37.972743515+01:00 - Key: 'a', Latency: 129.8151ms
2024-03-15T13:00:38.398947884+01:00 - Key: 'c', Latency: 426.1982ms
2024-03-15T13:00:39.059514944+01:00 - Key: 'm', Latency: 660.5750ms
2024-03-15T13:00:39.167407783+01:00 - Key: 'a', Latency: 107.8906ms
2024-03-15T13:00:39.318407416+01:00 - Key: 'n', Latency: 151.0079ms
2024-03-15T13:00:39.483767441+01:00 - Key: ' ', Latency: 165.3565ms
2024-03-15T13:00:39.801102639+01:00 - Key: '-', Latency: 317.3306ms
2024-03-15T13:00:40.218960743+01:00 - Key: 'S', Latency: 417.8562ms
2024-03-15T13:00:40.858259010+01:00 - Key: 'c', Latency: 639.3036ms
2024-03-15T13:00:41.380921372+01:00 - Key: 'Backspace', Latency: 522.6667ms
2024-03-15T13:00:41.525179174+01:00 - Key: 'v', Latency: 144.2577ms
2024-03-15T13:00:41.664380653+01:00 - Key: 'u', Latency: 139.1956ms
2024-03-15T13:00:42.039448234+01:00 - Key: 'Enter', Latency: 375.0846ms
2024-03-15T13:00:43.551975265+01:00 - Key: 'p', Latency: 1.5125s
2024-03-15T13:00:43.693181100+01:00 - Key: 'a', Latency: 141.2220ms
2024-03-15T13:00:43.977657551+01:00 - Key: 'c', Latency: 284.4704ms
2024-03-15T13:00:44.589666852+01:00 - Key: 'm', Latency: 611.9983ms
2024-03-15T13:00:44.717996100+01:00 - Key: 'a', Latency: 128.3461ms
2024-03-15T13:00:44.836196783+01:00 - Key: 'n', Latency: 118.1986ms
2024-03-15T13:00:45.019186671+01:00 - Key: ' ', Latency: 182.9938ms
2024-03-15T13:00:45.849774988+01:00 - Key: '-', Latency: 830.5808ms
2024-03-15T13:00:46.232643286+01:00 - Key: 'S', Latency: 382.8723ms
2024-03-15T13:00:47.591926390+01:00 - Key: 'y', Latency: 1.3593s
2024-03-15T13:00:47.804951250+01:00 - Key: 'u', Latency: 213.0182ms
2024-03-15T13:00:48.500961699+01:00 - Key: 'Enter', Latency: 696.0269ms
2024-03-15T13:00:50.166002274+01:00 - Key: 's', Latency: 1.6649s
2024-03-15T13:00:50.301212692+01:00 - Key: 'u', Latency: 135.2160ms
2024-03-15T13:00:50.445277502+01:00 - Key: 'd', Latency: 144.0616ms
2024-03-15T13:00:50.670289116+01:00 - Key: 'o', Latency: 225.0079ms
2024-03-15T13:00:50.752920987+01:00 - Key: ' ', Latency: 82.6327ms
2024-03-15T13:00:50.937995671+01:00 - Key: 'a', Latency: 185.0817ms
2024-03-15T13:00:51.065496643+01:00 - Key: 'p', Latency: 127.4996ms
2024-03-15T13:00:52.116498705+01:00 - Key: 't', Latency: 1.0510s
2024-03-15T13:00:52.789930774+01:00 - Key: '-', Latency: 673.4079ms
2024-03-15T13:00:52.954399486+01:00 - Key: 't', Latency: 164.4993ms
2024-03-15T13:00:53.402767630+01:00 - Key: 'e', Latency: 448.3671ms
2024-03-15T13:00:53.706765202+01:00 - Key: 'Backspace', Latency: 303.9864ms
2024-03-15T13:00:53.886929502+01:00 - Key: 'Backspace', Latency: 180.1769ms
2024-03-15T13:00:54.107485099+01:00 - Key: 'g', Latency: 220.5578ms
2024-03-15T13:00:54.142703868+01:00 - Key: 'e', Latency: 35.2061ms
2024-03-15T13:00:54.328757672+01:00 - Key: 't', Latency: 186.0569ms
2024-03-15T13:00:54.553474888+01:00 - Key: ' ', Latency: 224.7253ms
2024-03-15T13:00:54.728718508+01:00 - Key: 'i', Latency: 175.2443ms
2024-03-15T13:00:54.890760958+01:00 - Key: 'n', Latency: 162.0367ms
2024-03-15T13:00:54.939972486+01:00 - Key: 's', Latency: 49.2118ms
2024-03-15T13:00:55.106961793+01:00 - Key: 't', Latency: 166.9931ms
2024-03-15T13:00:55.281174015+01:00 - Key: 'a', Latency: 174.2025ms
2024-03-15T13:00:55.387170778+01:00 - Key: 'l', Latency: 106.0089ms
2024-03-15T13:00:55.530927023+01:00 - Key: 'l', Latency: 143.7534ms
2024-03-15T13:00:55.647236716+01:00 - Key: ' ', Latency: 116.2899ms
2024-03-15T13:00:55.789904182+01:00 - Key: 'p', Latency: 142.6883ms
2024-03-15T13:00:55.873934818+01:00 - Key: 'a', Latency: 84.0271ms
2024-03-15T13:00:56.141463389+01:00 - Key: 'x', Latency: 267.5339ms
2024-03-15T13:00:56.255231462+01:00 - Key: 'k', Latency: 113.7670ms
2024-03-15T13:00:56.787204134+01:00 - Key: 'Backspace', Latency: 531.9739ms
2024-03-15T13:00:56.944363869+01:00 - Key: 'Backspace', Latency: 157.1583ms
2024-03-15T13:00:57.212957997+01:00 - Key: 'c', Latency: 268.5947ms
2024-03-15T13:00:57.442707117+01:00 - Key: 'k', Latency: 229.7139ms
2024-03-15T13:00:57.621455329+01:00 - Key: 'a', Latency: 178.7834ms
2024-03-15T13:00:57.876241289+01:00 - Key: 'g', Latency: 254.7867ms
2024-03-15T13:00:58.085594542+01:00 - Key: 'e', Latency: 209.3529ms
2024-03-15T13:00:58.357417001+01:00 - Key: 'Enter', Latency: 271.8345ms
2024-03-15T13:00:59.932327852+01:00 - Key: 'u', Latency: 1.5748s
2024-03-15T13:01:00.231287933+01:00 - Key: 'n', Latency: 298.9687ms
2024-03-15T13:01:00.703814699+01:00 - Key: 'i', Latency: 472.5308ms
2024-03-15T13:01:00.844176435+01:00 - Key: 'q', Latency: 140.3671ms
2024-03-15T13:01:01.493776503+01:00 - Key: ' ', Latency: 649.5906ms
2024-03-15T13:01:01.654156005+01:00 - Key: 'f', Latency: 160.3891ms
2024-03-15T13:01:01.786189211+01:00 - Key: 'i', Latency: 132.0291ms
2024-03-15T13:01:02.042660998+01:00 - Key: 'l', Latency: 256.4757ms
2024-03-15T13:01:02.319963214+01:00 - Key: 'e', Latency: 277.2883ms
2024-03-15T13:01:02.566148470+01:00 - Key: 'Enter', Latency: 246.2103ms
2024-03-15T13:01:04.543932136+01:00 - Key: 'a', Latency: 1.9777s
2024-03-15T13:01:04.771394448+01:00 - Key: 'w', Latency: 227.4605ms
2024-03-15T13:01:05.254956486+01:00 - Key: 'k', Latency: 483.5636ms
2024-03-15T13:01:05.532212788+01:00 - Key: ' ', Latency: 277.2499ms
2024-03-15T13:01:06.238156626+01:00 - Key: ''', Latency: 705.9300ms
2024-03-15T13:01:06.636904210+01:00 - Key: '.', Latency: 398.7678ms
2024-03-15T13:01:07.313936489+01:00 - Key: 'Backspace', Latency: 677.0311ms
2024-03-15T13:01:07.567144094+01:00 - Key: '/', Latency: 253.2083ms
2024-03-15T13:01:07.854138933+01:00 - Key: 'p', Latency: 286.9940ms
2024-03-15T13:01:07.979476882+01:00 - Key: 'a', Latency: 125.3374ms
2024-03-15T13:01:08.235322617+01:00 - Key: 't', Latency: 255.8329ms
2024-03-15T13:01:08.393192428+01:00 - Key: 't', Latency: 157.8836ms
2024-03-15T13:01:08.554415966+01:00 - Key: 'e', Latency: 161.2230ms
2024-03-15T13:01:08.618754239+01:00 - Key: 'r', Latency: 64.3370ms
2024-03-15T13:01:08.774246945+01:00 - Key: 'n', Latency: 155.4836ms
2024-03-15T13:01:09.141386105+01:00 - Key: '/', Latency: 367.1504ms
2024-03-15T13:01:10.363602420+01:00 - Key: ' ', Latency: 1.2222s
2024-03-15T13:01:10.943175383+01:00 - Key: '{', Latency: 579.6168ms
2024-03-15T13:01:11.165273248+01:00 - Key: 'a', Latency: 222.0797ms
2024-03-15T13:01:11.356250279+01:00 - Key: 'c', Latency: 190.9890ms
2024-03-15T13:01:11.590643392+01:00 - Key: 't', Latency: 234.3982ms
2024-03-15T13:01:11.659151357+01:00 - Key: 'i', Latency: 68.5103ms
2024-03-15T13:01:11.760197444+01:00 - Key: 'o', Latency: 101.0447ms
2024-03-15T13:01:11.957672046+01:00 - Key: 'n', Latency: 197.4747ms
2024-03-15T13:01:12.742920006+01:00 - Key: '}', Latency: 785.2485ms
2024-03-15T13:01:14.581931026+01:00 - Key: ''', Latency: 1.8390s
2024-03-15T13:01:15.153455052+01:00 - Key: 'Enter', Latency: 571.5365ms
2024-03-15T13:01:19.992393708+01:00 - Key: 'a', Latency: 924.4214ms
2024-03-15T13:01:20.257385492+01:00 - Key: 'w', Latency: 265.0039ms
2024-03-15T13:01:20.478367900+01:00 - Key: 'k', Latency: 220.9777ms
2024-03-15T13:01:21.686958979+01:00 - Key: ' ', Latency: 1.2086s
2024-03-15T13:01:22.931955900+01:00 - Key: ''', Latency: 1.2450s
2024-03-15T13:01:25.615935353+01:00 - Key: '/', Latency: 2.6840s
2024-03-15T13:01:25.982585446+01:00 - Key: 'p', Latency: 366.6499ms
2024-03-15T13:01:26.099251996+01:00 - Key: 'a', Latency: 116.6595ms
2024-03-15T13:01:26.371739276+01:00 - Key: 't', Latency: 272.4942ms
2024-03-15T13:01:26.593164532+01:00 - Key: 't', Latency: 221.4243ms
2024-03-15T13:01:26.753409118+01:00 - Key: 'e', Latency: 160.2387ms
2024-03-15T13:01:26.818955826+01:00 - Key: 'r', Latency: 65.5467ms
2024-03-15T13:01:27.019455823+01:00 - Key: 'n', Latency: 200.5074ms
2024-03-15T13:01:28.925664609+01:00 - Key: '/', Latency: 1.9062s
2024-03-15T13:01:29.269181378+01:00 - Key: ' ', Latency: 343.5126ms
2024-03-15T13:01:30.008874710+01:00 - Key: '{', Latency: 739.6891ms
2024-03-15T13:01:30.252299379+01:00 - Key: 'a', Latency: 243.4292ms
2024-03-15T13:01:30.484690338+01:00 - Key: 'c', Latency: 232.3889ms
2024-03-15T13:01:30.721716161+01:00 - Key: 't', Latency: 236.9917ms
2024-03-15T13:01:30.818020608+01:00 - Key: 'i', Latency: 96.3357ms
2024-03-15T13:01:30.925150142+01:00 - Key: 'o', Latency: 107.1355ms
2024-03-15T13:01:31.134740540+01:00 - Key: 'n', Latency: 209.5916ms
2024-03-15T13:01:32.010172963+01:00 - Key: '}', Latency: 875.4280ms
2024-03-15T13:01:33.333155718+01:00 - Key: ''', Latency: 1.3230s
2024-03-15T13:01:34.198900405+01:00 - Key: 'Enter', Latency: 865.7561ms
2024-03-15T13:35:43.284272858+01:00 - Key: 'i', Latency: 1.1366s
2024-03-15T13:35:43.357391842+01:00 - Key: 'd', Latency: 73.1330ms
2024-03-15T13:35:43.470759310+01:00 - Key: 'Enter', Latency: 113.3792ms
2024-03-15T13:35:44.719935287+01:00 - Key: 'm', Latency: 1.2491s
2024-03-15T13:35:44.822417088+01:00 - Key: 'v', Latency: 102.4882ms
2024-03-15T13:35:44.901557743+01:00 - Key: ' ', Latency: 79.1427ms
2024-03-15T13:35:45.252321538+01:00 - Key: '*', Latency: 350.7592ms
2024-03-15T13:35:45.414434605+01:00 - Key: ' ', Latency: 162.1161ms
2024-03-15T13:35:45.609474034+01:00 - Key: '/', Latency: 195.0428ms
2024-03-15T13:35:45.768219816+01:00 - Key: 't', Latency: 158.7452ms
2024-03-15T13:35:45.822360182+01:00 - Key: 'm', Latency: 54.1404ms
2024-03-15T13:35:45.901411313+01:00 - Key: 'p', Latency: 79.0491ms
2024-03-15T13:35:46.103542001+01:00 - Key: 'Enter', Latency: 202.1443ms
2024-03-15T13:35:47.209316612+01:00 - Key: 'w', Latency: 1.1057s
2024-03-15T13:35:47.243527986+01:00 - Key: 'h', Latency: 34.2137ms
2024-03-15T13:35:47.337509080+01:00 - Key: 'o', Latency: 93.9760ms
2024-03-15T13:35:47.483580922+01:00 - Key: 'a', Latency: 146.0688ms
2024-03-15T13:35:47.504443833+01:00 - Key: 'm', Latency: 20.8474ms
2024-03-15T13:35:47.637009585+01:00 - Key: 'i', Latency: 132.5892ms
2024-03-15T13:35:47.918144077+01:00 - Key: 'Enter', Latency: 281.1453ms
2024-03-15T13:35:48.869584889+01:00 - Key: 'l', Latency: 951.2902ms
2024-03-15T13:35:48.911322470+01:00 - Key: 'e', Latency: 41.7391ms
2024-03-15T13:35:49.125635264+01:00 - Key: 's', Latency: 214.3124ms
2024-03-15T13:35:49.221893787+01:00 - Key: 's', Latency: 96.2533ms
2024-03-15T13:35:49.300985775+01:00 - Key: ' ', Latency: 79.0891ms
2024-03-15T13:35:49.425953885+01:00 - Key: 'f', Latency: 124.9714ms
2024-03-15T13:35:49.465681671+01:00 - Key: 'i', Latency: 39.7326ms
2024-03-15T13:35:49.552500207+01:00 - Key: 'l', Latency: 86.8024ms
2024-03-15T13:35:49.646200825+01:00 - Key: 'e', Latency: 93.7095ms
2024-03-15T13:35:49.770166395+01:00 - Key: 'Enter', Latency: 123.9808ms
2024-03-15T13:35:50.645664389+01:00 - Key: 'r', Latency: 875.4209ms
2024-03-15T13:35:50.695983536+01:00 - Key: 'm', Latency: 50.3251ms
2024-03-15T13:35:50.783050952+01:00 - Key: ' ', Latency: 87.0671ms
2024-03-15T13:35:50.900532183+01:00 - Key: '-', Latency: 117.4772ms
2024-03-15T13:35:50.925549004+01:00 - Key: 'r', Latency: 25.0128ms
2024-03-15T13:35:51.083257798+01:00 - Key: 'f', Latency: 157.7173ms
2024-03-15T13:35:51.104743192+01:00 - Key: ' ', Latency: 21.4826ms
2024-03-15T13:35:51.251980528+01:00 - Key: '/', Latency: 147.2401ms
2024-03-15T13:35:51.422163667+01:00 - Key: 'o', Latency: 170.1763ms
2024-03-15T13:35:51.520370961+01:00 - Key: 'p', Latency: 98.2140ms
2024-03-15T13:35:51.557100541+01:00 - Key: 't', Latency: 36.7285ms
2024-03-15T13:35:51.815582730+01:00 - Key: '/', Latency: 258.4782ms
2024-03-15T13:35:51.970489219+01:00 - Key: 't', Latency: 154.9102ms
2024-03-15T13:35:52.050654309+01:00 - Key: 'm', Latency: 80.1619ms
2024-03-15T13:35:52.099339538+01:00 - Key: 'p', Latency: 48.6834ms
2024-03-15T13:35:52.252342840+01:00 - Key: 'Enter', Latency: 153.0206ms
2024-03-15T13:35:53.234544119+01:00 - Key: 's', Latency: 982.1082ms
2024-03-15T13:35:53.330072820+01:00 - Key: 'e', Latency: 95.5411ms
2024-03-15T13:35:53.502381811+01:00 - Key: 'r', Latency: 172.3092ms
2024-03-15T13:35:53.768617095+01:00 - Key: 'v', Latency: 266.2339ms
2024-03-15T13:35:53.888347133+01:00 - Key: 'i', Latency: 119.7251ms
2024-03-15T13:35:54.001650175+01:00 - Key: 'c', Latency: 113.3086ms
2024-03-15T13:35:54.086524074+01:00 - Key: 'e', Latency: 84.8639ms
2024-03-15T13:35:54.113435546+01:00 - Key: ' ', Latency: 26.9228ms
2024-03-15T13:35:54.240890219+01:00 - Key: 'n', Latency: 127.4443ms
2024-03-15T13:35:54.300738293+01:00 - Key: 'a', Latency: 59.8578ms
2024-03-15T13:35:54.400454922+01:00 - Key: 'm', Latency: 99.7084ms
2024-03-15T13:35:54.469944404+01:00 - Key: 'e', Latency: 69.4921ms
2024-03-15T13:35:54.539876997+01:00 - Key: ' ', Latency: 69.9291ms
2024-03-15T13:35:54.764996091+01:00 - Key: 's', Latency: 225.1262ms
2024-03-15T13:35:54.868166854+01:00 - Key: 't', Latency: 103.1735ms
2024-03-15T13:35:54.972114681+01:00 - Key: 'a', Latency: 103.9470ms
2024-03-15T13:35:55.038724883+01:00 - Key: 'r', Latency: 66.5869ms
2024-03-15T13:35:55.206561408+01:00 - Key: 't', Latency: 167.8537ms
2024-03-15T13:35:55.361284738+01:00 - Key: 'Enter', Latency: 154.7407ms
2024-03-15T13:35:56.222640550+01:00 - Key: 'f', Latency: 861.2631ms
2024-03-15T13:35:56.301631840+01:00 - Key: 'i', Latency: 78.9960ms
2024-03-15T13:35:56.371663236+01:00 - Key: 'n', Latency: 70.0321ms
2024-03-15T13:35:56.440569533+01:00 - Key: 'd', Latency: 68.9072ms
2024-03-15T13:35:56.586806806+01:00 - Key: 'm', Latency: 146.2346ms
2024-03-15T13:35:56.774210067+01:00 - Key: 'n', Latency: 187.3979ms
2024-03-15T13:35:56.852795087+01:00 - Key: 't', Latency: 78.5868ms
2024-03-15T13:35:56.971691573+01:00 - Key: 'Enter', Latency: 118.9143ms
2024-03-15T13:35:57.685165249+01:00 - Key: 'u', Latency: 713.3994ms
2024-03-15T13:35:57.876843142+01:00 - Key: 'n', Latency: 191.6834ms
2024-03-15T13:35:57.959521813+01:00 - Key: 'a', Latency: 82.6797ms
2024-03-15T13:35:58.045558517+01:00 - Key: 'm', Latency: 86.0358ms
2024-03-15T13:35:58.514144522+01:00 - Key: 'e', Latency: 468.5839ms
2024-03-15T13:35:58.640419618+01:00 - Key: ' ', Latency: 126.2766ms
2024-03-15T13:35:58.767925876+01:00 - Key: '-', Latency: 127.5011ms
2024-03-15T13:35:58.820311632+01:00 - Key: 'a', Latency: 52.3910ms
2024-03-15T13:35:58.961894674+01:00 - Key: 'Enter', Latency: 141.5943ms
2024-03-15T13:35:59.730133316+01:00 - Key: 'i', Latency: 768.1491ms
2024-03-15T13:35:59.934432952+01:00 - Key: 'o', Latency: 204.2910ms
2024-03-15T13:36:00.107826901+01:00 - Key: 's', Latency: 173.4016ms
2024-03-15T13:36:00.210830773+01:00 - Key: 't', Latency: 102.9991ms
2024-03-15T13:36:00.309340581+01:00 - Key: 'a', Latency: 98.5109ms
2024-03-15T13:36:00.378093657+01:00 - Key: 't', Latency: 68.7559ms
2024-03-15T13:36:00.496695301+01:00 - Key: 'Enter', Latency: 118.6182ms
2024-03-15T13:36:01.175669095+01:00 - Key: 'k', Latency: 678.8932ms
2024-03-15T13:36:01.371994042+01:00 - Key: 'i', Latency: 196.3310ms
2024-03-15T13:36:01.461043094+01:00 - Key: 'l', Latency: 89.0479ms
2024-03-15T13:36:01.590313778+01:00 - Key: 'l', Latency: 129.2680ms
2024-03-15T13:36:01.695471811+01:00 - Key: ' ', Latency: 105.1620ms
2024-03-15T13:36:01.844075082+01:00 - Key: 'p', Latency: 148.5978ms
2024-03-15T13:36:01.901886696+01:00 - Key: 'i', Latency: 57.8158ms
2024-03-15T13:36:02.008525313+01:00 - Key: 'd', Latency: 106.6360ms
2024-03-15T13:36:02.172593296+01:00 - Key: 'Enter', Latency: 164.0847ms
2024-03-15T13:36:02.956293416+01:00 - Key: 'u', Latency: 783.6134ms
2024-03-15T13:36:03.017404162+01:00 - Key: 'f', Latency: 61.1215ms
2024-03-15T13:36:03.203036478+01:00 - Key: 'w', Latency: 185.6318ms
2024-03-15T13:36:03.285296229+01:00 - Key: ' ', Latency: 82.2558ms
2024-03-15T13:36:03.452063431+01:00 - Key: 'e', Latency: 166.7387ms
2024-03-15T13:36:03.524407189+01:00 - Key: 'n', Latency: 72.3731ms
2024-03-15T13:36:03.526546191+01:00 - Key: 'm', Latency: 2.1494ms
2024-03-15T13:36:03.639396246+01:00 - Key: 'a', Latency: 112.8466ms
2024-03-15T13:36:04.167912011+01:00 - Key: 'Backspace', Latency: 528.5000ms
2024-03-15T13:36:04.300615889+01:00 - Key: 'Backspace', Latency: 132.7164ms
2024-03-15T13:36:04.399881253+01:00 - Key: 'a', Latency: 99.2603ms
2024-03-15T13:36:04.578452410+01:00 - Key: 'b', Latency: 178.5804ms
2024-03-15T13:36:04.663562154+01:00 - Key: 'l', Latency: 85.1056ms
2024-03-15T13:36:04.808235549+01:00 - Key: 'e', Latency: 144.6717ms
2024-03-15T13:36:04.932306191+01:00 - Key: 'Enter', Latency: 124.0879ms
2024-03-15T13:36:05.641897294+01:00 - Key: 'i', Latency: 709.5145ms
2024-03-15T13:36:05.726056201+01:00 - Key: 'p', Latency: 84.1666ms
2024-03-15T13:36:05.914009896+01:00 - Key: 't', Latency: 187.9551ms
2024-03-15T13:36:06.010669339+01:00 - Key: 'a', Latency: 96.6589ms
2024-03-15T13:36:06.167454438+01:00 - Key: 'b', Latency: 156.7826ms
2024-03-15T13:36:06.207046705+01:00 - Key: 'l', Latency: 39.5934ms
2024-03-15T13:36:06.414023782+01:00 - Key: 'e', Latency: 206.9751ms
2024-03-15T13:36:06.745459532+01:00 - Key: 's', Latency: 331.4398ms
2024-03-15T13:36:06.943990378+01:00 - Key: ' ', Latency: 198.5239ms
2024-03-15T13:36:07.122901392+01:00 - Key: '-', Latency: 178.9087ms
2024-03-15T13:36:07.127394005+01:00 - Key: '=', Latency: 4.5018ms
2024-03-15T13:36:07.757256893+01:00 - Key: 'Backspace', Latency: 629.8637ms
2024-03-15T13:36:08.019531820+01:00 - Key: 'L', Latency: 262.2730ms
2024-03-15T13:36:08.230810129+01:00 - Key: 'Enter', Latency: 211.2889ms
2024-03-15T13:36:09.066146017+01:00 - Key: 'n', Latency: 835.2492ms
2024-03-15T13:36:09.137651686+01:00 - Key: 'e', Latency: 71.5056ms
2024-03-15T13:36:09.214190814+01:00 - Key: 't', Latency: 76.5381ms
2024-03-15T13:36:09.402608674+01:00 - Key: 's', Latency: 188.4119ms
2024-03-15T13:36:09.485418747+01:00 - Key: 't', Latency: 82.8137ms
2024-03-15T13:36:09.566328565+01:00 - Key: 'a', Latency: 80.9119ms
2024-03-15T13:36:09.650791879+01:00 - Key: 't', Latency: 84.4643ms
2024-03-15T13:36:09.721552337+01:00 - Key: ' ', Latency: 70.7615ms
2024-03-15T13:36:09.946875114+01:00 - Key: '-', Latency: 225.3188ms
2024-03-15T13:36:10.166432130+01:00 - Key: 't', Latency: 219.5586ms
2024-03-15T13:36:10.224485011+01:00 - Key: 'u', Latency: 58.0461ms
2024-03-15T13:36:10.417924495+01:00 - Key: 'l', Latency: 193.4433ms
2024-03-15T13:36:10.708109266+01:00 - Key: 'n', Latency: 290.1817ms
2024-03-15T13:36:10.950159681+01:00 - Key: 'Enter', Latency: 242.0696ms
2024-03-15T13:36:11.662408649+01:00 - Key: 's', Latency: 712.1463ms
2024-03-15T13:36:11.800617167+01:00 - Key: 's', Latency: 138.2047ms
2024-03-15T13:36:11.877810899+01:00 - Key: 'h', Latency: 77.1989ms
2024-03-15T13:36:12.015956041+01:00 - Key: ' ', Latency: 138.1457ms
2024-03-15T13:36:12.164714640+01:00 - Key: 'u', Latency: 148.7501ms
2024-03-15T13:36:12.232746364+01:00 - Key: 's', Latency: 68.0388ms
2024-03-15T13:36:12.398948890+01:00 - Key: 'e', Latency: 166.2036ms
2024-03-15T13:36:12.473508314+01:00 - Key: 'r', Latency: 74.5551ms
2024-03-15T13:36:12.630920473+01:00 - Key: '@', Latency: 157.4110ms
2024-03-15T13:36:12.900593958+01:00 - Key: 'h', Latency: 269.6760ms
2024-03-15T13:36:12.972010504+01:00 - Key: 'o', Latency: 71.4157ms
2024-03-15T13:36:13.044962520+01:00 - Key: 's', Latency: 72.9530ms
2024-03-15T13:36:13.094812593+01:00 - Key: 't', Latency: 49.8498ms
2024-03-15T13:36:13.284646514+01:00 - Key: 'Enter', Latency: 189.8478ms
2024-03-15T13:36:14.073739612+01:00 - Key: 'i', Latency: 789.0004ms
2024-03-15T13:36:14.140227818+01:00 - Key: 'f', Latency: 66.4897ms
2024-03-15T13:36:14.360274854+01:00 - Key: 'c', Latency: 220.0489ms
2024-03-15T13:36:14.388254169+01:00 - Key: 'o', Latency: 27.9788ms
2024-03-15T13:36:14.466166407+01:00 - Key: 'n', Latency: 77.9106ms
2024-03-15T13:36:14.548757543+01:00 - Key: 'f', Latency: 82.5887ms
2024-03-15T13:36:14.662228266+01:00 - Key: 'i', Latency: 113.4713ms
2024-03-15T13:36:14.760301680+01:00 - Key: 'g', Latency: 98.0744ms
2024-03-15T13:36:14.879425147+01:00 - Key: 'Enter', Latency: 119.1364ms
2024-03-15T13:36:15.622904187+01:00 - Key: 'a', Latency: 743.3861ms
2024-03-15T13:36:15.750672758+01:00 - Key: 'p', Latency: 127.7613ms
2024-03-15T13:36:15.846295900+01:00 - Key: 't', Latency: 95.6238ms
2024-03-15T13:36:15.940544826+01:00 - Key: ' ', Latency: 94.2537ms
2024-03-15T13:36:16.110268844+01:00 - Key: 'i', Latency: 169.7167ms
2024-03-15T13:36:16.161233501+01:00 - Key: 'n', Latency: 50.9586ms
2024-03-15T13:36:16.194273490+01:00 - Key: 's', Latency: 33.0547ms
2024-03-15T13:36:16.258653948+01:00 - Key: 't', Latency: 64.3819ms
2024-03-15T13:36:16.305960618+01:00 - Key: 'a', Latency: 47.3040ms
2024-03-15T13:36:16.372459670+01:00 - Key: 'l', Latency: 66.4996ms
2024-03-15T13:36:16.486286719+01:00 - Key: 'l', Latency: 113.8236ms
2024-03-15T13:36:16.584244400+01:00 - Key: ' ', Latency: 97.9585ms
2024-03-15T13:36:16.755538115+01:00 - Key: '-', Latency: 171.2985ms
2024-03-15T13:36:16.800747307+01:00 - Key: 'y', Latency: 45.2023ms
2024-03-15T13:36:16.996652497+01:00 - Key: 'Enter', Latency: 195.9237ms
2024-03-15T13:36:18.006035437+01:00 - Key: 'p', Latency: 1.0093s
2024-03-15T13:36:18.049751810+01:00 - Key: 'a', Latency: 43.7076ms
2024-03-15T13:36:18.121603290+01:00 - Key: 'c', Latency: 71.8514ms
2024-03-15T13:36:18.245938001+01:00 - Key: 'm', Latency: 124.3386ms
2024-03-15T13:36:18.343993075+01:00 - Key: 'a', Latency: 98.0507ms
2024-03-15T13:36:18.507223828+01:00 - Key: 'n', Latency: 163.2331ms
2024-03-15T13:36:18.688893951+01:00 - Key: ' ', Latency: 181.6755ms
2024-03-15T13:36:18.895180722+01:00 - Key: '-', Latency: 206.2869ms
2024-03-15T13:36:19.142620695+01:00 - Key: 'S', Latency: 247.4366ms
2024-03-15T13:36:19.402533462+01:00 - Key: 'y', Latency: 259.9089ms
2024-03-15T13:36:19.488082144+01:00 - Key: 'u', Latency: 85.5449ms
2024-03-15T13:36:19.643699269+01:00 - Key: 'Enter', Latency: 155.6398ms
2024-03-15T13:36:20.428079060+01:00 - Key: 'a', Latency: 784.2321ms
2024-03-15T13:36:20.501786482+01:00 - Key: 'p', Latency: 73.7160ms
2024-03-15T13:36:20.604795680+01:00 - Key: 't', Latency: 103.0070ms
2024-03-15T13:36:20.770780209+01:00 - Key: '-', Latency: 165.9862ms
2024-03-15T13:36:20.874052973+01:00 - Key: 'g', Latency: 103.2713ms
2024-03-15T13:36:20.976106741+01:00 - Key: 'e', Latency: 102.0552ms
2024-03-15T13:36:21.051970889+01:00 - Key: 't', Latency: 75.8584ms
2024-03-15T13:36:21.115154564+01:00 - Key: ' ', Latency: 63.1896ms
2024-03-15T13:36:21.252247007+01:00 - Key: 'u', Latency: 137.0906ms
2024-03-15T13:36:21.314857825+01:00 - Key: 'p', Latency: 62.6069ms
2024-03-15T13:36:21.359435413+01:00 - Key: 'd', Latency: 44.5781ms
2024-03-15T13:36:21.450144158+01:00 - Key: 'a', Latency: 90.7141ms
2024-03-15T13:36:21.546921130+01:00 - Key: 't', Latency: 96.7774ms
2024-03-15T13:36:21.595171207+01:00 - Key: 'e', Latency: 48.2432ms
2024-03-15T13:36:21.688490084+01:00 - Key: 'Enter', Latency: 93.3369ms
2024-03-15T13:36:22.372559497+01:00 - Key: 's', Latency: 684.0003ms
2024-03-15T13:36:22.460882475+01:00 - Key: 'u', Latency: 88.3232ms
2024-03-15T13:36:22.931717832+01:00 - Key: 'd', Latency: 470.8295ms
2024-03-15T13:36:22.993396883+01:00 - Key: 'o', Latency: 61.6787ms
2024-03-15T13:36:23.097397367+01:00 - Key: ' ', Latency: 104.0049ms
2024-03-15T13:36:23.243702992+01:00 - Key: 'p', Latency: 146.3076ms
2024-03-15T13:36:23.281365168+01:00 - Key: 'a', Latency: 37.6616ms
2024-03-15T13:36:23.340497621+01:00 - Key: 'c', Latency: 59.1301ms
2024-03-15T13:36:23.691592112+01:00 - Key: 'm', Latency: 351.0615ms
2024-03-15T13:36:23.758380565+01:00 - Key: 'a', Latency: 66.8206ms
2024-03-15T13:36:23.895835663+01:00 - Key: 'n', Latency: 137.4521ms
2024-03-15T13:36:23.980929098+01:00 - Key: ' ', Latency: 85.0879ms
2024-03-15T13:36:24.188943394+01:00 - Key: '-', Latency: 208.0258ms
2024-03-15T13:36:24.478927222+01:00 - Key: 'S', Latency: 289.9842ms
2024-03-15T13:36:24.553872502+01:00 - Key: ' ', Latency: 74.9456ms
2024-03-15T13:36:24.718081525+01:00 - Key: 'p', Latency: 164.2020ms
2024-03-15T13:36:24.811508204+01:00 - Key: 'a', Latency: 93.4245ms
2024-03-15T13:36:24.879832774+01:00 - Key: 'c', Latency: 68.3242ms
2024-03-15T13:36:24.978137398+01:00 - Key: 'k', Latency: 98.3134ms
2024-03-15T13:36:25.069200191+01:00 - Key: 'a', Latency: 91.0599ms
2024-03-15T13:36:25.154667557+01:00 - Key: 'g', Latency: 85.4723ms
2024-03-15T13:36:25.217944187+01:00 - Key: 'e', Latency: 63.2696ms
2024-03-15T13:36:25.422297442+01:00 - Key: 'Enter', Latency: 204.3694ms
2024-03-15T13:36:26.217093608+01:00 - Key: 's', Latency: 794.7088ms
2024-03-15T13:36:26.291655280+01:00 - Key: 'u', Latency: 74.5603ms
2024-03-15T13:36:26.416080368+01:00 - Key: 'd', Latency: 124.4203ms
2024-03-15T13:36:26.474682726+01:00 - Key: 'o', Latency: 58.6033ms
2024-03-15T13:36:26.565299757+01:00 - Key: ' ', Latency: 90.6209ms
2024-03-15T13:36:26.645203626+01:00 - Key: 'a', Latency: 79.9001ms
2024-03-15T13:36:26.722284724+01:00 - Key: 'p', Latency: 77.0828ms
2024-03-15T13:36:26.812415724+01:00 - Key: 't', Latency: 90.1287ms
2024-03-15T13:36:27.047387309+01:00 - Key: '-', Latency: 234.9770ms
2024-03-15T13:36:27.053694815+01:00 - Key: '=', Latency: 6.3097ms
2024-03-15T13:36:27.575341911+01:00 - Key: 'Backspace', Latency: 521.6429ms
2024-03-15T13:36:27.702807101+01:00 - Key: 'g', Latency: 127.4673ms
2024-03-15T13:36:27.858780235+01:00 - Key: 'e', Latency: 155.9725ms
2024-03-15T13:36:27.925206315+01:00 - Key: 't', Latency: 66.4270ms
2024-03-15T13:36:28.005699762+01:00 - Key: ' ', Latency: 80.4911ms
2024-03-15T13:36:28.165607750+01:00 - Key: 'i', Latency: 159.9009ms
2024-03-15T13:36:28.214433011+01:00 - Key: 'n', Latency: 48.8285ms
2024-03-15T13:36:28.271408467+01:00 - Key: 's', Latency: 56.9809ms
2024-03-15T13:36:28.318308499+01:00 - Key: 't', Latency: 46.8995ms
2024-03-15T13:36:28.404149626+01:00 - Key: 'a', Latency: 85.8411ms
2024-03-15T13:36:28.438680878+01:00 - Key: 'l', Latency: 34.5325ms
2024-03-15T13:36:28.562791243+01:00 - Key: 'l', Latency: 124.1058ms
2024-03-15T13:36:28.696129030+01:00 - Key: ' ', Latency: 133.3355ms
2024-03-15T13:36:28.889683935+01:00 - Key: 'p', Latency: 193.5611ms
2024-03-15T13:36:28.995985569+01:00 - Key: 'a', Latency: 106.3024ms
2024-03-15T13:36:29.082219493+01:00 - Key: 'c', Latency: 86.2330ms
2024-03-15T13:36:29.166823778+01:00 - Key: 'k', Latency: 84.6039ms
2024-03-15T13:36:29.232707771+01:00 - Key: 'a', Latency: 65.8853ms
2024-03-15T13:36:29.339252998+01:00 - Key: 'g', Latency: 106.5447ms
2024-03-15T13:36:29.395922587+01:00 - Key: 'e', Latency: 56.6524ms
2024-03-15T13:36:29.541459258+01:00 - Key: 'Enter', Latency: 145.5665ms
2024-03-15T13:36:30.555806414+01:00 - Key: 'g', Latency: 1.0142s
2024-03-15T13:36:30.748488349+01:00 - Key: 'r', Latency: 192.7293ms
2024-03-15T13:36:30.935708888+01:00 - Key: 'e', Latency: 187.1999ms
2024-03-15T13:36:30.935815088+01:00 - Key: 'p', Latency: 139.6770µs
2024-03-15T13:36:30.935900210+01:00 - Key: ' ', Latency: 58.7300µs
2024-03-15T13:36:31.051200569+01:00 - Key: '-', Latency: 115.3140ms
2024-03-15T13:36:31.174586435+01:00 - Key: 'i', Latency: 123.3855ms
2024-03-15T13:36:31.247454539+01:00 - Key: ' ', Latency: 72.8705ms
2024-03-15T13:36:31.411305646+01:00 - Key: ''', Latency: 163.8518ms
2024-03-15T13:36:31.690345143+01:00 - Key: 'p', Latency: 279.0407ms
2024-03-15T13:36:31.742318281+01:00 - Key: 'a', Latency: 51.9736ms
2024-03-15T13:36:31.822283504+01:00 - Key: 't', Latency: 79.9599ms
2024-03-15T13:36:31.986831658+01:00 - Key: 't', Latency: 164.5481ms
2024-03-15T13:36:32.473421701+01:00 - Key: 'e', Latency: 486.5892ms
2024-03-15T13:36:32.560990248+01:00 - Key: 'r', Latency: 87.5721ms
2024-03-15T13:36:32.604697232+01:00 - Key: 'n', Latency: 43.7101ms
2024-03-15T13:36:32.865166620+01:00 - Key: ''', Latency: 260.4670ms
2024-03-15T13:36:32.998457555+01:00 - Key: ' ', Latency: 133.2882ms
2024-03-15T13:36:33.110673581+01:00 - Key: 'f', Latency: 112.2097ms
2024-03-15T13:36:33.198324192+01:00 - Key: 'i', Latency: 87.6625ms
2024-03-15T13:36:33.279316065+01:00 - Key: 'l', Latency: 80.9907ms
2024-03-15T13:36:33.353999440+01:00 - Key: 'e', Latency: 74.6802ms
2024-03-15T13:36:33.491571569+01:00 - Key: 'Enter', Latency: 137.5854ms
2024-03-15T13:36:34.324555269+01:00 - Key: 'd', Latency: 832.8893ms
2024-03-15T13:36:34.496395455+01:00 - Key: 'd', Latency: 171.8402ms
2024-03-15T13:36:34.604219605+01:00 - Key: ' ', Latency: 107.8234ms
2024-03-15T13:36:34.927481721+01:00 - Key: 'i', Latency: 323.2550ms
2024-03-15T13:36:35.037023332+01:00 - Key: 'f', Latency: 109.5343ms
2024-03-15T13:36:35.212902316+01:00 - Key: '=', Latency: 175.8959ms
2024-03-15T13:36:35.519176233+01:00 - Key: '/', Latency: 306.2659ms
2024-03-15T13:36:35.568877138+01:00 - Key: 'd', Latency: 49.6994ms
2024-03-15T13:36:35.656258230+01:00 - Key: 'e', Latency: 87.3753ms
2024-03-15T13:36:35.806517021+01:00 - Key: 'v', Latency: 150.2710ms
2024-03-15T13:36:35.880668815+01:00 - Key: '/', Latency: 74.1463ms
2024-03-15T13:36:36.005341450+01:00 - Key: 'z', Latency: 124.6766ms
2024-03-15T13:36:36.186836055+01:00 - Key: 'e', Latency: 181.4982ms
2024-03-15T13:36:36.261334942+01:00 - Key: 'r', Latency: 74.4980ms
2024-03-15T13:36:36.324948318+01:00 - Key: 'o', Latency: 63.6098ms
2024-03-15T13:36:36.482005111+01:00 - Key: ' ', Latency: 157.0619ms
2024-03-15T13:36:36.698135430+01:00 - Key: 'o', Latency: 216.1287ms
2024-03-15T13:36:36.767052816+01:00 - Key: 'f', Latency: 68.9185ms
2024-03-15T13:36:37.049805243+01:00 - Key: '=', Latency: 282.7520ms
2024-03-15T13:36:37.292668285+01:00 - Key: 'f', Latency: 242.8595ms
2024-03-15T13:36:37.379845968+01:00 - Key: 'i', Latency: 87.1730ms
2024-03-15T13:36:37.455342584+01:00 - Key: 'l', Latency: 75.4976ms
2024-03-15T13:36:37.518079516+01:00 - Key: 'e', Latency: 62.7389ms
2024-03-15T13:36:37.654002197+01:00 - Key: ' ', Latency: 135.9290ms
2024-03-15T13:36:37.971368200+01:00 - Key: 'b', Latency: 317.3576ms
2024-03-15T13:36:38.175011910+01:00 - Key: 's', Latency: 203.6492ms
2024-03-15T13:36:38.287356187+01:00 - Key: '=', Latency: 112.3408ms
2024-03-15T13:36:38.533685429+01:00 - Key: '1', Latency: 246.3307ms
2024-03-15T13:36:38.855521378+01:00 - Key: 'M', Latency: 321.8342ms
2024-03-15T13:36:39.020984297+01:00 - Key: ' ', Latency: 165.4641ms
2024-03-15T13:36:39.215498602+01:00 - Key: 'c', Latency: 194.5072ms
2024-03-15T13:36:39.272085953+01:00 - Key: 'o', Latency: 56.5941ms
2024-03-15T13:36:39.341985047+01:00 - Key: 'u', Latency: 69.8770ms
2024-03-15T13:36:39.486072861+01:00 - Key: 'n', Latency: 144.1128ms
2024-03-15T13:36:39.577511860+01:00 - Key: 't', Latency: 91.4392ms
2024-03-15T13:36:39.733643187+01:00 - Key: '=', Latency: 156.1336ms
2024-03-15T13:36:39.882258324+01:00 - Key: '1', Latency: 148.6140ms
2024-03-15T13:36:39.989498703+01:00 - Key: '0', Latency: 107.2355ms
2024-03-15T13:36:40.217075263+01:00 - Key: 'Enter', Latency: 227.5941ms
2024-03-15T13:36:41.090215057+01:00 - Key: 's', Latency: 873.0365ms
2024-03-15T13:36:41.157540399+01:00 - Key: 'o', Latency: 67.3261ms
2024-03-15T13:36:41.234349002+01:00 - Key: 'r', Latency: 76.8082ms
2024-03-15T13:36:41.392875958+01:00 - Key: 't', Latency: 158.5269ms
2024-03-15T13:36:41.444726539+01:00 - Key: ' ', Latency: 51.8458ms
2024-03-15T13:36:41.577523168+01:00 - Key: 'f', Latency: 132.8008ms
2024-03-15T13:36:41.639573382+01:00 - Key: 'i', Latency: 62.0510ms
2024-03-15T13:36:41.716319122+01:00 - Key: 'l', Latency: 76.7455ms
2024-03-15T13:36:41.766166124+01:00 - Key: 'e', Latency: 49.8445ms
2024-03-15T13:36:41.882415605+01:00 - Key: 'Enter', Latency: 116.2634ms
2024-03-15T13:36:42.571428958+01:00 - Key: 'p', Latency: 688.9361ms
2024-03-15T13:36:42.736111521+01:00 - Key: 'y', Latency: 164.6798ms
2024-03-15T13:36:42.866777701+01:00 - Key: 't', Latency: 130.6703ms
2024-03-15T13:36:42.950937471+01:00 - Key: 'h', Latency: 84.1548ms
2024-03-15T13:36:43.180497449+01:00 - Key: 'o', Latency: 229.5641ms
2024-03-15T13:36:43.238311426+01:00 - Key: 'n', Latency: 57.8138ms
2024-03-15T13:36:43.483726916+01:00 - Key: '3', Latency: 245.4168ms
2024-03-15T13:36:43.638158398+01:00 - Key: ' ', Latency: 154.4293ms
2024-03-15T13:36:43.743303970+01:00 - Key: 's', Latency: 105.1267ms
2024-03-15T13:36:43.829184255+01:00 - Key: 'c', Latency: 85.9013ms
2024-03-15T13:36:43.986538081+01:00 - Key: 'r', Latency: 157.3369ms
2024-03-15T13:36:44.069587660+01:00 - Key: 'i', Latency: 83.0641ms
2024-03-15T13:36:44.169757687+01:00 - Key: 'p', Latency: 100.1715ms
2024-03-15T13:36:44.251449429+01:00 - Key: 't', Latency: 81.6826ms
2024-03-15T13:36:44.375891143+01:00 - Key: '.', Latency: 124.4476ms
2024-03-15T13:36:44.549949054+01:00 - Key: 'p', Latency: 174.0604ms
2024-03-15T13:36:44.554032949+01:00 - Key: 'o', Latency: 4.0833ms
2024-03-15T13:36:44.621111243+01:00 - Key: 'y', Latency: 67.0784ms
2024-03-15T13:36:44.767404229+01:00 - Key: 'Enter', Latency: 146.3056ms
2024-03-15T13:36:45.924884858+01:00 - Key: 'p', Latency: 1.1575s
2024-03-15T13:36:46.117353303+01:00 - Key: 'y', Latency: 192.4756ms
2024-03-15T13:36:46.184111023+01:00 - Key: 't', Latency: 66.7580ms
2024-03-15T13:36:46.289097769+01:00 - Key: 'h', Latency: 104.9869ms
2024-03-15T13:36:46.384898570+01:00 - Key: 'o', Latency: 95.7942ms
2024-03-15T13:36:46.473213247+01:00 - Key: 'n', Latency: 88.3099ms
2024-03-15T13:36:46.744685898+01:00 - Key: '3', Latency: 271.4829ms
2024-03-15T13:36:46.969990879+01:00 - Key: ' ', Latency: 225.2993ms
2024-03-15T13:36:47.103198035+01:00 - Key: 's', Latency: 133.2124ms
2024-03-15T13:36:47.206774414+01:00 - Key: 'c', Latency: 103.5709ms
2024-03-15T13:36:47.361109595+01:00 - Key: 'r', Latency: 154.3372ms
2024-03-15T13:36:47.417505888+01:00 - Key: 'i', Latency: 56.4013ms
2024-03-15T13:36:47.513319854+01:00 - Key: 'p', Latency: 95.8075ms
2024-03-15T13:36:47.583447280+01:00 - Key: 't', Latency: 70.1268ms
2024-03-15T13:36:47.693351690+01:00 - Key: '.', Latency: 109.9097ms
2024-03-15T13:36:47.863598865+01:00 - Key: 'p', Latency: 170.2478ms
2024-03-15T13:36:47.953394823+01:00 - Key: 'y', Latency: 89.7964ms
2024-03-15T13:36:48.063260365+01:00 - Key: 'Enter', Latency: 109.8765ms
2024-03-15T13:36:48.880324975+01:00 - Key: 'p', Latency: 816.9800ms
2024-03-15T13:36:49.153462040+01:00 - Key: 'i', Latency: 273.1328ms
2024-03-15T13:36:49.248205942+01:00 - Key: 'p', Latency: 94.7374ms
2024-03-15T13:36:49.437284949+01:00 - Key: '3', Latency: 189.0835ms
2024-03-15T13:36:49.628526332+01:00 - Key: ' ', Latency: 191.2439ms
2024-03-15T13:36:49.787907843+01:00 - Key: 'i', Latency: 159.3834ms
2024-03-15T13:36:49.841931400+01:00 - Key: 'n', Latency: 54.0253ms
2024-03-15T13:36:49.881019010+01:00 - Key: 's', Latency: 39.0885ms
2024-03-15T13:36:49.950296452+01:00 - Key: 't', Latency: 69.2750ms
2024-03-15T13:36:50.001200611+01:00 - Key: 'a', Latency: 50.8998ms
2024-03-15T13:36:50.075278114+01:00 - Key: 'l', Latency: 74.0789ms
2024-03-15T13:36:50.187654291+01:00 - Key: 'l', Latency: 112.3772ms
2024-03-15T13:36:50.269050450+01:00 - Key: ' ', Latency: 81.4011ms
2024-03-15T13:36:50.429288180+01:00 - Key: 'p', Latency: 160.2306ms
2024-03-15T13:36:50.501349908+01:00 - Key: 'a', Latency: 72.0616ms
2024-03-15T13:36:50.566300662+01:00 - Key: 'c', Latency: 64.9455ms
2024-03-15T13:36:50.690765673+01:00 - Key: 'k', Latency: 124.4759ms
2024-03-15T13:36:50.724167455+01:00 - Key: 'a', Latency: 33.3996ms
2024-03-15T13:36:50.828083426+01:00 - Key: 'g', Latency: 103.9180ms
2024-03-15T13:36:50.887285469+01:00 - Key: 'e', Latency: 59.2036ms
2024-03-15T13:36:51.013677547+01:00 - Key: 'Enter', Latency: 126.3976ms
2024-03-15T13:36:52.622198436+01:00 - Key: '-', Latency: 1.6084s
2024-03-15T13:36:52.808545030+01:00 - Key: 'a', Latency: 186.3418ms
2024-03-15T13:36:52.874545054+01:00 - Key: 'l', Latency: 66.0029ms
2024-03-15T13:36:53.058417648+01:00 - Key: 'Enter', Latency: 183.8857ms
2024-03-15T13:36:54.436730879+01:00 - Key: '-', Latency: 1.3782s
2024-03-15T13:36:54.557154318+01:00 - Key: '-', Latency: 120.4309ms
2024-03-15T13:36:54.679535308+01:00 - Key: 'v', Latency: 122.3771ms
2024-03-15T13:36:54.800867174+01:00 - Key: 'e', Latency: 121.3368ms
2024-03-15T13:36:54.884888808+01:00 - Key: 'r', Latency: 84.0043ms
2024-03-15T13:36:55.032714898+01:00 - Key: 's', Latency: 147.8375ms
2024-03-15T13:36:55.109684846+01:00 - Key: 'i', Latency: 76.9736ms
2024-03-15T13:36:55.204411482+01:00 - Key: 'o', Latency: 94.7287ms
2024-03-15T13:36:55.304337315+01:00 - Key: 'n', Latency: 99.9229ms
2024-03-15T13:36:55.409017779+01:00 - Key: 'Enter', Latency: 104.6946ms
2024-03-15T13:36:56.106070075+01:00 - Key: '-', Latency: 696.9681ms
2024-03-15T13:36:56.295055172+01:00 - Key: 't', Latency: 188.9883ms
2024-03-15T13:36:56.352565411+01:00 - Key: 'l', Latency: 57.5106ms
2024-03-15T13:36:56.488451979+01:00 - Key: 'p', Latency: 135.8876ms
2024-03-15T13:36:56.619059762+01:00 - Key: 'n', Latency: 130.6061ms
2024-03-15T13:36:56.851973119+01:00 - Key: 'Enter', Latency: 232.9254ms
2024-03-15T13:36:57.488751468+01:00 - Key: '-', Latency: 636.6617ms
2024-03-15T13:36:57.650287727+01:00 - Key: '-', Latency: 161.5368ms
2024-03-15T13:36:57.833584840+01:00 - Key: 'h', Latency: 183.2815ms
2024-03-15T13:36:57.920119099+01:00 - Key: 'e', Latency: 86.5490ms
2024-03-15T13:36:58.044562029+01:00 - Key: 'l', Latency: 124.4371ms
2024-03-15T13:36:58.122807371+01:00 - Key: 'p', Latency: 78.2484ms
2024-03-15T13:36:58.243043858+01:00 - Key: 'Enter', Latency: 120.2516ms
2024-03-15T13:36:58.953563589+01:00 - Key: '-', Latency: 710.4454ms
2024-03-15T13:36:59.036353187+01:00 - Key: 'v', Latency: 82.7875ms
2024-03-15T13:36:59.159835396+01:00 - Key: 'Enter', Latency: 123.4969ms
2024-03-15T13:37:05.914676354+01:00 - Key: 'c', Latency: 1.1708s
2024-03-15T13:37:06.000421584+01:00 - Key: 'd', Latency: 85.7415ms
2024-03-15T13:37:06.086415677+01:00 - Key: ' ', Latency: 85.9977ms
2024-03-15T13:37:06.291937485+01:00 - Key: '~', Latency: 205.5222ms
2024-03-15T13:37:06.295689004+01:00 - Key: '@', Latency: 3.7540ms
2024-03-15T13:37:06.768267806+01:00 - Key: 'Backspace', Latency: 472.5665ms
2024-03-15T13:37:06.939548512+01:00 - Key: 'Enter', Latency: 171.3008ms
2024-03-15T13:37:07.903391185+01:00 - Key: 'm', Latency: 963.7525ms
2024-03-15T13:37:07.984035576+01:00 - Key: 'v', Latency: 80.6322ms
2024-03-15T13:37:08.083486517+01:00 - Key: ' ', Latency: 99.4632ms
2024-03-15T13:37:08.338292617+01:00 - Key: '*', Latency: 254.8022ms
2024-03-15T13:37:08.474098903+01:00 - Key: ' ', Latency: 135.8110ms
2024-03-15T13:37:08.644466831+01:00 - Key: '/', Latency: 170.3697ms
2024-03-15T13:37:08.756923778+01:00 - Key: 't', Latency: 112.4546ms
2024-03-15T13:37:08.857805818+01:00 - Key: 'm', Latency: 100.8758ms
2024-03-15T13:37:08.910939867+01:00 - Key: 'p', Latency: 53.1408ms
2024-03-15T13:37:09.084468482+01:00 - Key: 'Enter', Latency: 173.5414ms
2024-03-15T13:37:09.799601567+01:00 - Key: 't', Latency: 715.0389ms
2024-03-15T13:37:09.857563350+01:00 - Key: 'o', Latency: 57.9677ms
2024-03-15T13:37:09.915339213+01:00 - Key: 'u', Latency: 57.7794ms
2024-03-15T13:37:10.039163388+01:00 - Key: 'c', Latency: 123.8207ms
2024-03-15T13:37:10.086401974+01:00 - Key: 'h', Latency: 47.2351ms
2024-03-15T13:37:10.174173130+01:00 - Key: ' ', Latency: 87.7773ms
2024-03-15T13:37:10.311584193+01:00 - Key: '/', Latency: 137.4099ms
2024-03-15T13:37:10.351351367+01:00 - Key: 'e', Latency: 39.7692ms
2024-03-15T13:37:10.418654792+01:00 - Key: 't', Latency: 67.2921ms
2024-03-15T13:37:10.583656019+01:00 - Key: 'c', Latency: 165.0077ms
2024-03-15T13:37:10.646925713+01:00 - Key: '/', Latency: 63.2741ms
2024-03-15T13:37:10.791374260+01:00 - Key: 'd', Latency: 144.4482ms
2024-03-15T13:37:10.848063507+01:00 - Key: 'h', Latency: 56.6887ms
2024-03-15T13:37:10.992353221+01:00 - Key: 'c', Latency: 144.2845ms
2024-03-15T13:37:11.136977143+01:00 - Key: 'l', Latency: 144.6297ms
2024-03-15T13:37:11.205740215+01:00 - Key: 'i', Latency: 68.7467ms
2024-03-15T13:37:11.269038412+01:00 - Key: 'e', Latency: 63.3118ms
2024-03-15T13:37:11.374606259+01:00 - Key: 'n', Latency: 105.5717ms
2024-03-15T13:37:11.468930470+01:00 - Key: 't', Latency: 94.3226ms
2024-03-15T13:37:11.591302170+01:00 - Key: '.', Latency: 122.3716ms
2024-03-15T13:37:11.732131884+01:00 - Key: 'c', Latency: 140.8240ms
2024-03-15T13:37:11.837668145+01:00 - Key: 'o', Latency: 105.5381ms
2024-03-15T13:37:11.906476443+01:00 - Key: 'n', Latency: 68.8049ms
2024-03-15T13:37:12.010270316+01:00 - Key: 'f', Latency: 103.7973ms
2024-03-15T13:37:12.138816949+01:00 - Key: 'Enter', Latency: 128.5605ms
2024-03-15T13:37:12.925135199+01:00 - Key: 'e', Latency: 786.2105ms
2024-03-15T13:37:13.106620513+01:00 - Key: 'x', Latency: 181.4854ms
2024-03-15T13:37:13.185706301+01:00 - Key: 'i', Latency: 79.0932ms
2024-03-15T13:37:13.313423223+01:00 - Key: 't', Latency: 127.7111ms
2024-03-15T13:37:13.407646323+01:00 - Key: 'Enter', Latency: 94.2389ms
2024-03-15T13:37:14.217400590+01:00 - Key: 'c', Latency: 809.6406ms
2024-03-15T13:37:14.634988061+01:00 - Key: 'p', Latency: 417.5849ms
2024-03-15T13:37:14.761150791+01:00 - Key: ' ', Latency: 126.1638ms
2024-03-15T13:37:14.940897356+01:00 - Key: 'i', Latency: 179.7428ms
2024-03-15T13:37:15.016874689+01:00 - Key: 'd', Latency: 75.9807ms
2024-03-15T13:37:15.247088875+01:00 - Key: '_', Latency: 230.1820ms
2024-03-15T13:37:15.362884866+01:00 - Key: 'r', Latency: 115.8304ms
2024-03-15T13:37:15.463592981+01:00 - Key: 's', Latency: 100.6918ms
2024-03-15T13:37:15.554554510+01:00 - Key: 'a', Latency: 90.9695ms
2024-03-15T13:37:15.648910181+01:00 - Key: ' ', Latency: 94.3604ms
2024-03-15T13:37:15.741060275+01:00 - Key: 'f', Latency: 92.1530ms
2024-03-15T13:37:15.820163684+01:00 - Key: 'i', Latency: 79.1046ms
2024-03-15T13:37:15.906732695+01:00 - Key: 'l', Latency: 86.5615ms
2024-03-15T13:37:15.943541161+01:00 - Key: 'e', Latency: 36.8106ms
2024-03-15T13:37:16.186082108+01:00 - Key: '2', Latency: 242.5415ms
2024-03-15T13:37:16.335839946+01:00 - Key: 'Enter', Latency: 149.7706ms
2024-03-15T13:37:17.062690430+01:00 - Key: 'u', Latency: 726.7163ms
2024-03-15T13:37:17.263564210+01:00 - Key: 'n', Latency: 200.8727ms
2024-03-15T13:37:17.340639560+01:00 - Key: 'a', Latency: 77.0819ms
2024-03-15T13:37:17.417951475+01:00 - Key: 'm', Latency: 77.3096ms
2024-03-15T13:37:17.509941252+01:00 - Key: 'e', Latency: 91.9819ms
2024-03-15T13:37:17.523436266+01:00 - Key: ' ', Latency: 13.5045ms
2024-03-15T13:37:17.659948079+01:00 - Key: '-', Latency: 136.5125ms
2024-03-15T13:37:17.766026373+01:00 - Key: 'a', Latency: 106.0782ms
2024-03-15T13:37:17.889199970+01:00 - Key: 'Enter', Latency: 123.1839ms
2024-03-15T13:37:18.581250154+01:00 - Key: 's', Latency: 691.9654ms
2024-03-15T13:37:18.856624685+01:00 - Key: 'y', Latency: 275.3475ms
2024-03-15T13:37:18.858531082+01:00 - Key: 's', Latency: 1.9279ms
2024-03-15T13:37:19.003170521+01:00 - Key: 't', Latency: 144.6403ms
2024-03-15T13:37:19.089997907+01:00 - Key: 'e', Latency: 86.8286ms
2024-03-15T13:37:19.140609304+01:00 - Key: 'm', Latency: 50.6084ms
2024-03-15T13:37:19.307837136+01:00 - Key: 'c', Latency: 167.2342ms
2024-03-15T13:37:19.476641280+01:00 - Key: 't', Latency: 168.7920ms
2024-03-15T13:37:19.547406109+01:00 - Key: 'l', Latency: 70.7615ms
2024-03-15T13:37:19.642097228+01:00 - Key: ' ', Latency: 94.7023ms
2024-03-15T13:37:19.830753762+01:00 - Key: 's', Latency: 188.6589ms
2024-03-15T13:37:19.836179603+01:00 - Key: 't', Latency: 5.4247ms
2024-03-15T13:37:19.947708013+01:00 - Key: 'a', Latency: 111.5264ms
2024-03-15T13:37:20.021684216+01:00 - Key: 't', Latency: 73.9801ms
2024-03-15T13:37:20.092167147+01:00 - Key: 'u', Latency: 70.4839ms
2024-03-15T13:37:20.182824690+01:00 - Key: 's', Latency: 90.6571ms
2024-03-15T13:37:20.266981245+01:00 - Key: ' ', Latency: 84.1382ms
2024-03-15T13:37:20.390307157+01:00 - Key: 's', Latency: 123.3401ms
2024-03-15T13:37:20.435948550+01:00 - Key: 'e', Latency: 45.6457ms
2024-03-15T13:37:20.584893399+01:00 - Key: 'r', Latency: 148.9455ms
2024-03-15T13:37:20.888922119+01:00 - Key: 'v', Latency: 304.0231ms
2024-03-15T13:37:20.889005912+01:00 - Key: 'i', Latency: 89.4960µs
2024-03-15T13:37:20.970842166+01:00 - Key: 'c', Latency: 81.8361ms
2024-03-15T13:37:21.061710975+01:00 - Key: 'e', Latency: 90.8683ms
2024-03-15T13:37:21.153180694+01:00 - Key: 'Enter', Latency: 91.4798ms
2024-03-15T13:37:22.077789460+01:00 - Key: 'u', Latency: 924.5291ms
2024-03-15T13:37:22.278445651+01:00 - Key: 'm', Latency: 200.6563ms
2024-03-15T13:37:22.410799875+01:00 - Key: 'o', Latency: 132.3496ms
2024-03-15T13:37:22.484141572+01:00 - Key: 'u', Latency: 73.3476ms
2024-03-15T13:37:22.642011193+01:00 - Key: 'n', Latency: 157.8667ms
2024-03-15T13:37:22.703991625+01:00 - Key: 't', Latency: 61.9809ms
2024-03-15T13:37:22.811830787+01:00 - Key: ' ', Latency: 107.8352ms
2024-03-15T13:37:22.919285207+01:00 - Key: '/', Latency: 107.4547ms
2024-03-15T13:37:23.083845328+01:00 - Key: 'm', Latency: 164.5552ms
2024-03-15T13:37:23.253363643+01:00 - Key: 'n', Latency: 169.5245ms
2024-03-15T13:37:23.333344420+01:00 - Key: 't', Latency: 79.9783ms
2024-03-15T13:37:23.449709072+01:00 - Key: 'Enter', Latency: 116.3823ms
2024-03-15T13:37:24.153441258+01:00 - Key: 'm', Latency: 703.6592ms
2024-03-15T13:37:24.305248205+01:00 - Key: 'o', Latency: 151.8116ms
2024-03-15T13:37:24.397363596+01:00 - Key: 'u', Latency: 92.1159ms
2024-03-15T13:37:24.538530578+01:00 - Key: 'n', Latency: 141.1618ms
2024-03-15T13:37:24.608501626+01:00 - Key: 't', Latency: 69.9368ms
2024-03-15T13:37:24.746442224+01:00 - Key: ' ', Latency: 137.9784ms
2024-03-15T13:37:24.898591304+01:00 - Key: '/', Latency: 152.1429ms
2024-03-15T13:37:24.974063836+01:00 - Key: 'd', Latency: 75.4640ms
2024-03-15T13:37:25.054180332+01:00 - Key: 'e', Latency: 80.1313ms
2024-03-15T13:37:25.215909438+01:00 - Key: 'v', Latency: 161.7290ms
2024-03-15T13:37:25.284810256+01:00 - Key: '/', Latency: 68.8973ms
2024-03-15T13:37:25.408504772+01:00 - Key: 's', Latency: 123.7000ms
2024-03-15T13:37:25.477529495+01:00 - Key: 'd', Latency: 69.0206ms
2024-03-15T13:37:25.576449513+01:00 - Key: 'a', Latency: 98.9184ms
2024-03-15T13:37:25.814843013+01:00 - Key: '2', Latency: 238.3931ms
2024-03-15T13:37:25.822664391+01:00 - Key: '1', Latency: 7.8266ms
2024-03-15T13:37:25.937074027+01:00 - Key: '/', Latency: 114.4014ms
2024-03-15T13:37:26.268901541+01:00 - Key: 'Backspace', Latency: 331.8316ms
2024-03-15T13:37:26.394413914+01:00 - Key: 'Backspace', Latency: 125.5179ms
2024-03-15T13:37:26.470186627+01:00 - Key: ' ', Latency: 75.7659ms
2024-03-15T13:37:26.673647969+01:00 - Key: '/', Latency: 203.4672ms
2024-03-15T13:37:26.878085686+01:00 - Key: 'm', Latency: 204.4289ms
2024-03-15T13:37:27.047313731+01:00 - Key: 'n', Latency: 169.2365ms
2024-03-15T13:37:27.149757675+01:00 - Key: 't', Latency: 102.4391ms
2024-03-15T13:37:27.263192847+01:00 - Key: 'Enter', Latency: 113.4507ms
2024-03-15T13:37:27.931726195+01:00 - Key: 'f', Latency: 668.4334ms
2024-03-15T13:37:28.055816130+01:00 - Key: 'i', Latency: 124.0954ms
2024-03-15T13:37:28.114058558+01:00 - Key: 'n', Latency: 58.2458ms
2024-03-15T13:37:28.208577488+01:00 - Key: 'd', Latency: 94.5089ms
2024-03-15T13:37:28.330450490+01:00 - Key: 'm', Latency: 121.8542ms
2024-03-15T13:37:28.496006173+01:00 - Key: 'n', Latency: 165.5731ms
2024-03-15T13:37:28.583861341+01:00 - Key: 't', Latency: 87.8661ms
2024-03-15T13:37:28.692610103+01:00 - Key: 'Enter', Latency: 108.7602ms
2024-03-15T13:37:29.367951381+01:00 - Key: 'i', Latency: 675.2586ms
2024-03-15T13:37:29.467485826+01:00 - Key: 'p', Latency: 99.5356ms
2024-03-15T13:37:29.629738572+01:00 - Key: 't', Latency: 162.2550ms
2024-03-15T13:37:29.707222910+01:00 - Key: 'a', Latency: 77.4887ms
2024-03-15T13:37:29.851423692+01:00 - Key: 'b', Latency: 144.2009ms
2024-03-15T13:37:29.884466937+01:00 - Key: 'l', Latency: 33.0441ms
2024-03-15T13:37:30.036078799+01:00 - Key: 'e', Latency: 151.6099ms
2024-03-15T13:37:30.336837480+01:00 - Key: 's', Latency: 300.7549ms
2024-03-15T13:37:30.447705763+01:00 - Key: ' ', Latency: 110.8732ms
2024-03-15T13:37:30.579844160+01:00 - Key: '-', Latency: 132.1339ms
2024-03-15T13:37:30.842407901+01:00 - Key: 'L', Latency: 262.5622ms
2024-03-15T13:37:31.017993430+01:00 - Key: 'Enter', Latency: 175.6028ms
2024-03-15T13:37:31.751235933+01:00 - Key: 'w', Latency: 733.1598ms
2024-03-15T13:37:31.917200887+01:00 - Key: 'g', Latency: 165.9716ms
2024-03-15T13:37:32.017797972+01:00 - Key: 'e', Latency: 100.5927ms
2024-03-15T13:37:32.094647132+01:00 - Key: 't', Latency: 76.8551ms
2024-03-15T13:37:32.134158947+01:00 - Key: ' ', Latency: 39.5087ms
2024-03-15T13:37:32.250658286+01:00 - Key: 'h', Latency: 116.5018ms
2024-03-15T13:37:32.329694204+01:00 - Key: 't', Latency: 79.0319ms
2024-03-15T13:37:32.442908973+01:00 - Key: 't', Latency: 113.2191ms
2024-03-15T13:37:32.515082825+01:00 - Key: 'p', Latency: 72.1631ms
2024-03-15T13:37:32.646961282+01:00 - Key: 's', Latency: 131.8890ms
2024-03-15T13:37:32.786793736+01:00 - Key: ':', Latency: 139.8287ms
2024-03-15T13:37:32.976769615+01:00 - Key: '/', Latency: 189.9796ms
2024-03-15T13:37:33.097818939+01:00 - Key: '/', Latency: 121.0365ms
2024-03-15T13:37:33.608659928+01:00 - Key: 'e', Latency: 510.8533ms
2024-03-15T13:37:33.813058620+01:00 - Key: 'x', Latency: 204.3995ms
2024-03-15T13:37:33.906321712+01:00 - Key: 'a', Latency: 93.2626ms
2024-03-15T13:37:33.972981535+01:00 - Key: 'm', Latency: 66.6568ms
2024-03-15T13:37:34.104041679+01:00 - Key: 'p', Latency: 131.0482ms
2024-03-15T13:37:34.174772643+01:00 - Key: 'l', Latency: 70.7451ms
2024-03-15T13:37:34.220905261+01:00 - Key: 'e', Latency: 46.1305ms
2024-03-15T13:37:34.384412926+01:00 - Key: '.', Latency: 163.5046ms
2024-03-15T13:37:34.503089711+01:00 - Key: 'c', Latency: 118.6743ms
2024-03-15T13:37:34.593621991+01:00 - Key: 'o', Latency: 90.5379ms
2024-03-15T13:37:34.661840396+01:00 - Key: 'm', Latency: 68.2147ms
2024-03-15T13:37:34.832663391+01:00 - Key: 'Enter', Latency: 170.8405ms
2024-03-15T13:37:35.686242123+01:00 - Key: 'u', Latency: 853.4756ms
2024-03-15T13:37:35.755122903+01:00 - Key: 'f', Latency: 68.8875ms
2024-03-15T13:37:35.816394097+01:00 - Key: 'w', Latency: 61.2661ms
2024-03-15T13:37:35.951438757+01:00 - Key: ' ', Latency: 135.0473ms
2024-03-15T13:37:36.059541148+01:00 - Key: 'e', Latency: 108.0944ms
2024-03-15T13:37:36.151174029+01:00 - Key: 'n', Latency: 91.6398ms
2024-03-15T13:37:36.263565187+01:00 - Key: 'a', Latency: 112.3921ms
2024-03-15T13:37:36.364527488+01:00 - Key: 'b', Latency: 100.9600ms
2024-03-15T13:37:36.495235973+01:00 - Key: 'l', Latency: 130.7016ms
2024-03-15T13:37:36.566116752+01:00 - Key: 'e', Latency: 70.8940ms
2024-03-15T13:37:36.706261639+01:00 - Key: 'Enter', Latency: 140.1556ms
2024-03-15T13:37:37.313401961+01:00 - Key: 'p', Latency: 607.0645ms
2024-03-15T13:37:37.382237509+01:00 - Key: 'i', Latency: 68.8408ms
2024-03-15T13:37:37.552957857+01:00 - Key: 'n', Latency: 170.7209ms
2024-03-15T13:37:37.616191915+01:00 - Key: 'g', Latency: 63.2231ms
2024-03-15T13:37:37.722883383+01:00 - Key: ' ', Latency: 106.6997ms
2024-03-15T13:37:37.810047943+01:00 - Key: 'h', Latency: 87.1618ms
2024-03-15T13:37:37.923018592+01:00 - Key: 'o', Latency: 112.9754ms
2024-03-15T13:37:37.979161334+01:00 - Key: 's', Latency: 56.1428ms
2024-03-15T13:37:38.018391075+01:00 - Key: 't', Latency: 39.2271ms
2024-03-15T13:37:38.168451550+01:00 - Key: 'Enter', Latency: 150.0744ms
2024-03-15T13:37:38.989913329+01:00 - Key: 'n', Latency: 821.3826ms
2024-03-15T13:37:39.089820388+01:00 - Key: 'e', Latency: 99.9087ms
2024-03-15T13:37:39.179121508+01:00 - Key: 't', Latency: 89.2985ms
2024-03-15T13:37:39.372197805+01:00 - Key: 's', Latency: 193.0589ms
2024-03-15T13:37:39.438571047+01:00 - Key: 't', Latency: 66.3928ms
2024-03-15T13:37:39.536618129+01:00 - Key: 'a', Latency: 98.0469ms
2024-03-15T13:37:39.606108122+01:00 - Key: 't', Latency: 69.4923ms
2024-03-15T13:37:39.635011345+01:00 - Key: ' ', Latency: 28.9040ms
2024-03-15T13:37:39.774907493+01:00 - Key: '-', Latency: 139.8902ms
2024-03-15T13:37:39.887706508+01:00 - Key: 't', Latency: 112.8053ms
2024-03-15T13:37:40.082142616+01:00 - Key: 'u', Latency: 194.4349ms
2024-03-15T13:37:40.308338102+01:00 - Key: 'l', Latency: 226.1961ms
2024-03-15T13:37:40.518141655+01:00 - Key: 'n', Latency: 209.8047ms
2024-03-15T13:37:40.676675665+01:00 - Key: 'Enter', Latency: 158.5432ms
2024-03-15T13:37:41.498717948+01:00 - Key: 'd', Latency: 821.9614ms
2024-03-15T13:37:41.571332597+01:00 - Key: 'p', Latency: 72.6153ms
2024-03-15T13:37:41.660056450+01:00 - Key: 'k', Latency: 88.7257ms
2024-03-15T13:37:41.936387721+01:00 - Key: 'g', Latency: 276.3037ms
2024-03-15T13:37:42.090427573+01:00 - Key: ' ', Latency: 153.9234ms
2024-03-15T13:37:42.206158207+01:00 - Key: '-', Latency: 115.8720ms
2024-03-15T13:37:42.330846294+01:00 - Key: 'i', Latency: 124.6910ms
2024-03-15T13:37:42.422620955+01:00 - Key: ' ', Latency: 91.7727ms
2024-03-15T13:37:42.746340365+01:00 - Key: 'p', Latency: 323.7136ms
2024-03-15T13:37:42.810823653+01:00 - Key: 'a', Latency: 64.4880ms
2024-03-15T13:37:42.877275496+01:00 - Key: 'c', Latency: 66.4545ms
2024-03-15T13:37:42.991214545+01:00 - Key: 'k', Latency: 113.9424ms
2024-03-15T13:37:43.051620031+01:00 - Key: 'a', Latency: 60.3992ms
2024-03-15T13:37:43.126571297+01:00 - Key: 'g', Latency: 74.9585ms
2024-03-15T13:37:43.208217933+01:00 - Key: 'e', Latency: 81.6467ms
2024-03-15T13:37:43.262591725+01:00 - Key: '.', Latency: 54.3647ms
2024-03-15T13:37:43.401472075+01:00 - Key: 'd', Latency: 138.8784ms
2024-03-15T13:37:43.579363179+01:00 - Key: 'e', Latency: 177.8962ms
2024-03-15T13:37:43.721454441+01:00 - Key: 'b', Latency: 142.0919ms
2024-03-15T13:37:43.889170184+01:00 - Key: 'Enter', Latency: 167.7321ms
2024-03-15T13:37:45.423099584+01:00 - Key: 'y', Latency: 1.5338s
2024-03-15T13:37:45.423287975+01:00 - Key: 'u', Latency: 200.4600µs
2024-03-15T13:37:45.621436728+01:00 - Key: 'm', Latency: 198.1441ms
2024-03-15T13:37:45.798912562+01:00 - Key: ' ', Latency: 177.4734ms
2024-03-15T13:37:45.926810676+01:00 - Key: 'i', Latency: 127.8982ms
2024-03-15T13:37:45.988687080+01:00 - Key: 'n', Latency: 61.8834ms
2024-03-15T13:37:46.034084732+01:00 - Key: 's', Latency: 45.3930ms
2024-03-15T13:37:46.088451850+01:00 - Key: 't', Latency: 54.3705ms
2024-03-15T13:37:46.139963123+01:00 - Key: 'a', Latency: 51.5039ms
2024-03-15T13:37:46.224940428+01:00 - Key: 'l', Latency: 84.9848ms
2024-03-15T13:37:46.368161602+01:00 - Key: 'l', Latency: 143.2177ms
2024-03-15T13:37:46.446091441+01:00 - Key: ' ', Latency: 77.9320ms
2024-03-15T13:37:46.596838007+01:00 - Key: 'p', Latency: 150.7351ms
2024-03-15T13:37:46.654272286+01:00 - Key: 'a', Latency: 57.4470ms
2024-03-15T13:37:46.755122922+01:00 - Key: 'c', Latency: 100.8492ms
2024-03-15T13:37:46.829805829+01:00 - Key: 'k', Latency: 74.6822ms
2024-03-15T13:37:46.888865452+01:00 - Key: 'a', Latency: 59.0541ms
2024-03-15T13:37:47.010353723+01:00 - Key: 'g', Latency: 121.4916ms
2024-03-15T13:37:47.104325120+01:00 - Key: 'e', Latency: 93.9731ms
2024-03-15T13:37:47.217543254+01:00 - Key: 'Enter', Latency: 113.2328ms
2024-03-15T13:37:47.894920852+01:00 - Key: 's', Latency: 677.2816ms
2024-03-15T13:37:47.966154908+01:00 - Key: 'u', Latency: 71.2350ms
2024-03-15T13:37:48.071280589+01:00 - Key: 'd', Latency: 105.1202ms
2024-03-15T13:37:48.267630400+01:00 - Key: 'o', Latency: 196.3503ms
2024-03-15T13:37:48.443433372+01:00 - Key: ' ', Latency: 175.8060ms
2024-03-15T13:37:48.596863958+01:00 - Key: 'a', Latency: 153.4332ms
2024-03-15T13:37:48.676975805+01:00 - Key: 'p', Latency: 80.1117ms
2024-03-15T13:37:48.756311698+01:00 - Key: 't', Latency: 79.3343ms
2024-03-15T13:37:48.960987330+01:00 - Key: ' ', Latency: 204.6737ms
2024-03-15T13:37:49.143865171+01:00 - Key: 'u', Latency: 182.8767ms
2024-03-15T13:37:49.235698868+01:00 - Key: 'p', Latency: 91.8381ms
2024-03-15T13:37:49.250966256+01:00 - Key: 'd', Latency: 15.2651ms
2024-03-15T13:37:49.322144278+01:00 - Key: 'a', Latency: 71.1796ms
2024-03-15T13:37:49.414728336+01:00 - Key: 't', Latency: 92.5763ms
2024-03-15T13:37:49.485309502+01:00 - Key: 'e', Latency: 70.5798ms
2024-03-15T13:37:49.584111994+01:00 - Key: 'Enter', Latency: 98.8230ms
2024-03-15T13:37:50.496718481+01:00 - Key: 'd', Latency: 912.5263ms
2024-03-15T13:37:50.567639119+01:00 - Key: 'n', Latency: 70.9289ms
2024-03-15T13:37:50.703208133+01:00 - Key: 'f', Latency: 135.5621ms
2024-03-15T13:37:50.781419408+01:00 - Key: ' ', Latency: 78.2117ms
2024-03-15T13:37:50.962708059+01:00 - Key: 'i', Latency: 181.2907ms
2024-03-15T13:37:51.008924742+01:00 - Key: 'n', Latency: 46.2184ms
2024-03-15T13:37:51.038640195+01:00 - Key: 's', Latency: 29.7170ms
2024-03-15T13:37:51.116115885+01:00 - Key: 't', Latency: 77.4754ms
2024-03-15T13:37:51.181063553+01:00 - Key: 'a', Latency: 64.9458ms
2024-03-15T13:37:51.238724791+01:00 - Key: 'l', Latency: 57.6636ms
2024-03-15T13:37:51.359741391+01:00 - Key: 'l', Latency: 121.0122ms
2024-03-15T13:37:51.434398354+01:00 - Key: ' ', Latency: 74.6614ms
2024-03-15T13:37:51.565912889+01:00 - Key: 'p', Latency: 131.5139ms
2024-03-15T13:37:51.603145889+01:00 - Key: 'a', Latency: 37.2334ms
2024-03-15T13:37:51.715179189+01:00 - Key: 'c', Latency: 112.0337ms
2024-03-15T13:37:51.813861444+01:00 - Key: 'k', Latency: 98.6806ms
2024-03-15T13:37:51.892276301+01:00 - Key: 'a', Latency: 78.3875ms
2024-03-15T13:37:51.997020911+01:00 - Key: 'g', Latency: 104.7688ms
2024-03-15T13:37:52.077010496+01:00 - Key: 'e', Latency: 79.9770ms
2024-03-15T13:37:52.164691989+01:00 - Key: 'Enter', Latency: 87.7080ms
2024-03-15T13:37:52.986959841+01:00 - Key: 'd', Latency: 822.1963ms
2024-03-15T13:37:53.018392192+01:00 - Key: 'i', Latency: 31.4336ms
2024-03-15T13:37:53.163997365+01:00 - Key: 's', Latency: 145.5979ms
2024-03-15T13:37:53.240689729+01:00 - Key: 't', Latency: 76.6987ms
2024-03-15T13:37:53.318742417+01:00 - Key: '-', Latency: 78.0468ms
2024-03-15T13:37:53.514497171+01:00 - Key: 'u', Latency: 195.7611ms
2024-03-15T13:37:53.588313361+01:00 - Key: 'p', Latency: 73.8108ms
2024-03-15T13:37:53.626814743+01:00 - Key: 'g', Latency: 38.5068ms
2024-03-15T13:37:53.683698590+01:00 - Key: 'r', Latency: 56.8802ms
2024-03-15T13:37:53.866073354+01:00 - Key: 'a', Latency: 182.3739ms
2024-03-15T13:37:53.913681203+01:00 - Key: 'd', Latency: 47.6059ms
2024-03-15T13:37:53.982159780+01:00 - Key: 'e', Latency: 68.4849ms
2024-03-15T13:37:54.134478365+01:00 - Key: 'Enter', Latency: 152.3284ms
2024-03-15T13:37:54.884888537+01:00 - Key: 'd', Latency: 750.2753ms
2024-03-15T13:37:55.025137280+01:00 - Key: 'd', Latency: 140.2474ms
2024-03-15T13:37:55.193134519+01:00 - Key: 'd', Latency: 167.9933ms
2024-03-15T13:37:55.734691760+01:00 - Key: 'Backspace', Latency: 541.5620ms
2024-03-15T13:37:56.111607856+01:00 - Key: ' ', Latency: 376.9111ms
2024-03-15T13:37:56.257358057+01:00 - Key: 'i', Latency: 145.7534ms
2024-03-15T13:37:56.341917664+01:00 - Key: 'f', Latency: 84.5583ms
2024-03-15T13:37:56.494126236+01:00 - Key: '=', Latency: 152.2106ms
2024-03-15T13:37:56.747063649+01:00 - Key: '/', Latency: 252.9331ms
2024-03-15T13:37:56.797246249+01:00 - Key: 'd', Latency: 50.1700ms
2024-03-15T13:37:56.891879273+01:00 - Key: 'e', Latency: 94.6489ms
2024-03-15T13:37:57.056436529+01:00 - Key: 'v', Latency: 164.5602ms
2024-03-15T13:37:57.109113813+01:00 - Key: '/', Latency: 52.6786ms
2024-03-15T13:37:57.273553143+01:00 - Key: 'z', Latency: 164.4384ms
2024-03-15T13:37:57.499271318+01:00 - Key: 'e', Latency: 225.7188ms
2024-03-15T13:37:57.578795798+01:00 - Key: 'r', Latency: 79.5174ms
2024-03-15T13:37:57.627203441+01:00 - Key: 'o', Latency: 48.4092ms
2024-03-15T13:37:57.746584100+01:00 - Key: ' ', Latency: 119.3797ms
2024-03-15T13:37:57.862984590+01:00 - Key: 'o', Latency: 116.4039ms
2024-03-15T13:37:57.947538531+01:00 - Key: 'f', Latency: 84.5573ms
2024-03-15T13:37:58.097527274+01:00 - Key: '=', Latency: 149.9832ms
2024-03-15T13:37:58.359421760+01:00 - Key: 'f', Latency: 261.8995ms
2024-03-15T13:37:58.437822535+01:00 - Key: 'i', Latency: 78.3930ms
2024-03-15T13:37:58.515656429+01:00 - Key: 'l', Latency: 77.8372ms
2024-03-15T13:37:58.620627142+01:00 - Key: 'e', Latency: 104.9740ms
2024-03-15T13:37:58.724695305+01:00 - Key: ' ', Latency: 104.0691ms
2024-03-15T13:37:59.160315362+01:00 - Key: 'b', Latency: 435.6197ms
2024-03-15T13:37:59.340989349+01:00 - Key: 's', Latency: 180.6680ms
2024-03-15T13:37:59.469725827+01:00 - Key: '=', Latency: 128.7294ms
2024-03-15T13:37:59.744687519+01:00 - Key: '!', Latency: 274.9695ms
2024-03-15T13:38:00.289925991+01:00 - Key: 'Backspace', Latency: 545.2431ms
2024-03-15T13:38:00.373921818+01:00 - Key: '1', Latency: 83.9926ms
2024-03-15T13:38:00.644693148+01:00 - Key: 'M', Latency: 270.7246ms
2024-03-15T13:38:00.824396653+01:00 - Key: ' ', Latency: 179.7543ms
2024-03-15T13:38:01.155244767+01:00 - Key: 'c', Latency: 330.8402ms
2024-03-15T13:38:01.400211696+01:00 - Key: 'o', Latency: 244.9632ms
2024-03-15T13:38:01.463340161+01:00 - Key: 'u', Latency: 63.1377ms
2024-03-15T13:38:01.626334266+01:00 - Key: 'n', Latency: 162.9971ms
2024-03-15T13:38:01.670548987+01:00 - Key: 't', Latency: 44.2100ms
2024-03-15T13:38:01.892817581+01:00 - Key: '=', Latency: 222.2609ms
2024-03-15T13:38:01.934663394+01:00 - Key: '1', Latency: 41.8483ms
2024-03-15T13:38:02.059236791+01:00 - Key: '0', Latency: 124.5824ms
2024-03-15T13:38:02.246426163+01:00 - Key: 'Enter', Latency: 187.1992ms
2024-03-15T13:38:03.061852096+01:00 - Key: 's', Latency: 815.3345ms
2024-03-15T13:38:03.158956741+01:00 - Key: 'o', Latency: 97.1081ms
2024-03-15T13:38:03.235067900+01:00 - Key: 'r', Latency: 76.0874ms
2024-03-15T13:38:03.384580901+01:00 - Key: 't', Latency: 149.5420ms
2024-03-15T13:38:03.425556479+01:00 - Key: ' ', Latency: 40.9686ms
2024-03-15T13:38:03.580115596+01:00 - Key: 'f', Latency: 154.5628ms
2024-03-15T13:38:03.622846243+01:00 - Key: 'i', Latency: 42.7245ms
2024-03-15T13:38:03.694924127+01:00 - Key: 'l', Latency: 72.0873ms
2024-03-15T13:38:03.788213692+01:00 - Key: 'e', Latency: 93.2860ms
2024-03-15T13:38:03.900075069+01:00 - Key: 'Enter', Latency: 111.8763ms
2024-03-15T13:38:04.544523699+01:00 - Key: 'p', Latency: 644.3801ms
2024-03-15T13:38:04.743050871+01:00 - Key: 'y', Latency: 198.5212ms
2024-03-15T13:38:04.802202369+01:00 - Key: 't', Latency: 59.1447ms
2024-03-15T13:38:04.920966962+01:00 - Key: 'h', Latency: 118.7707ms
2024-03-15T13:38:05.022033215+01:00 - Key: 'o', Latency: 101.0551ms
2024-03-15T13:38:05.109173750+01:00 - Key: 'n', Latency: 87.1569ms
2024-03-15T13:38:05.275749009+01:00 - Key: '3', Latency: 166.5758ms
2024-03-15T13:38:05.617692572+01:00 - Key: ' ', Latency: 341.9394ms
2024-03-15T13:38:05.754761272+01:00 - Key: 's', Latency: 137.0695ms
2024-03-15T13:38:05.867880877+01:00 - Key: 'c', Latency: 113.1171ms
2024-03-15T13:38:06.029607049+01:00 - Key: 'r', Latency: 161.7264ms
2024-03-15T13:38:06.110654702+01:00 - Key: 'i', Latency: 81.0532ms
2024-03-15T13:38:06.189440833+01:00 - Key: 'p', Latency: 78.7826ms
2024-03-15T13:38:06.257027069+01:00 - Key: 't', Latency: 67.5893ms
2024-03-15T13:38:06.403028480+01:00 - Key: '.', Latency: 145.9983ms
2024-03-15T13:38:06.551559277+01:00 - Key: 'p', Latency: 148.5329ms
2024-03-15T13:38:06.627075906+01:00 - Key: 'y', Latency: 75.5137ms
2024-03-15T13:38:06.771504892+01:00 - Key: 'Enter', Latency: 144.4454ms
2024-03-15T13:38:07.466424514+01:00 - Key: 'z', Latency: 694.8476ms
2024-03-15T13:38:07.550483250+01:00 - Key: 'i', Latency: 84.0623ms
2024-03-15T13:38:07.628660711+01:00 - Key: 'p', Latency: 78.1664ms
2024-03-15T13:38:07.695319055+01:00 - Key: ' ', Latency: 66.6684ms
2024-03-15T13:38:07.753700828+01:00 - Key: 'a', Latency: 58.3795ms
2024-03-15T13:38:07.827148311+01:00 - Key: 'r', Latency: 73.4497ms
2024-03-15T13:38:08.020310+01:00 - Key: 'c', Latency: 193.1617ms
2024-03-15T13:38:08.085068960+01:00 - Key: 'h', Latency: 64.7598ms
2024-03-15T13:38:08.166490171+01:00 - Key: 'i', Latency: 81.4091ms
2024-03-15T13:38:08.224147294+01:00 - Key: 'v', Latency: 57.6592ms
2024-03-15T13:38:08.282793657+01:00 - Key: 'e', Latency: 58.6560ms
2024-03-15T13:38:08.409024794+01:00 - Key: '.', Latency: 126.2308ms
2024-03-15T13:38:08.526783427+01:00 - Key: 'z', Latency: 117.7591ms
2024-03-15T13:38:08.619725346+01:00 - Key: 'i', Latency: 92.9383ms
2024-03-15T13:38:08.705411748+01:00 - Key: 'p', Latency: 85.6892ms
2024-03-15T13:38:08.776392711+01:00 - Key: ' ', Latency: 70.9750ms
2024-03-15T13:38:08.848803410+01:00 - Key: 'f', Latency: 72.4120ms
2024-03-15T13:38:08.959655181+01:00 - Key: 'i', Latency: 110.8517ms
2024-03-15T13:38:09.025076687+01:00 - Key: 'l', Latency: 65.4219ms
2024-03-15T13:38:09.095063035+01:00 - Key: 'e', Latency: 69.9854ms
2024-03-15T13:38:09.225016069+01:00 - Key: 'Enter', Latency: 129.9700ms
2024-03-15T13:38:10.190703959+01:00 - Key: 'g', Latency: 965.6113ms
2024-03-15T13:38:10.472685005+01:00 - Key: 'z', Latency: 281.9844ms
2024-03-15T13:38:10.555434986+01:00 - Key: 'i', Latency: 82.7500ms
2024-03-15T13:38:10.623928499+01:00 - Key: 'p', Latency: 68.4878ms
2024-03-15T13:38:10.710880614+01:00 - Key: ' ', Latency: 86.9565ms
2024-03-15T13:38:10.810287290+01:00 - Key: 'f', Latency: 99.4135ms
2024-03-15T13:38:10.906843727+01:00 - Key: 'i', Latency: 96.5535ms
2024-03-15T13:38:10.980210402+01:00 - Key: 'l', Latency: 73.3587ms
2024-03-15T13:38:11.046388779+01:00 - Key: 'e', Latency: 66.1862ms
2024-03-15T13:38:11.188622731+01:00 - Key: 'Enter', Latency: 142.2480ms
2024-03-15T13:38:11.934175129+01:00 - Key: '-', Latency: 745.4685ms
2024-03-15T13:38:12.065725585+01:00 - Key: '-', Latency: 131.5518ms
2024-03-15T13:38:12.254051444+01:00 - Key: '-', Latency: 188.3282ms
2024-03-15T13:38:12.406621122+01:00 - Key: 'f', Latency: 152.5703ms
2024-03-15T13:38:12.694247142+01:00 - Key: 'Backspace', Latency: 287.6282ms
2024-03-15T13:38:12.880304122+01:00 - Key: 'Backspace', Latency: 186.0589ms
2024-03-15T13:38:13.104527081+01:00 - Key: 'f', Latency: 224.2004ms
2024-03-15T13:38:13.214205631+01:00 - Key: 'i', Latency: 109.6953ms
2024-03-15T13:38:13.275407097+01:00 - Key: 'l', Latency: 61.2007ms
2024-03-15T13:38:13.459832979+01:00 - Key: 'e', Latency: 184.4292ms
2024-03-15T13:38:13.690020382+01:00 - Key: 'Enter', Latency: 230.2014ms
2024-03-15T13:38:14.253126334+01:00 - Key: '-', Latency: 563.0297ms
2024-03-15T13:38:14.444000989+01:00 - Key: 't', Latency: 190.8681ms
2024-03-15T13:38:14.667696723+01:00 - Key: 'l', Latency: 223.7032ms
2024-03-15T13:38:14.864366121+01:00 - Key: 'p', Latency: 196.6736ms
2024-03-15T13:38:15.020513990+01:00 - Key: 'n', Latency: 156.1458ms
2024-03-15T13:38:15.030633495+01:00 - Key: 'b', Latency: 10.1150ms
2024-03-15T13:38:15.147123813+01:00 - Key: 'Enter', Latency: 116.5098ms
2024-03-15T13:38:16.051406429+01:00 - Key: '-', Latency: 904.2703ms
2024-03-15T13:38:16.205779963+01:00 - Key: 't', Latency: 154.3690ms
2024-03-15T13:38:16.312647466+01:00 - Key: 'l', Latency: 106.8726ms
2024-03-15T13:38:16.535957431+01:00 - Key: 'p', Latency: 223.3042ms
2024-03-15T13:38:16.690988977+01:00 - Key: 'n', Latency: 155.0353ms
2024-03-15T13:38:16.694943387+01:00 - Key: 'b', Latency: 3.9585ms
2024-03-15T13:38:16.842912881+01:00 - Key: 'Enter', Latency: 147.9778ms
2024-03-15T13:38:17.721037160+01:00 - Key: '-', Latency: 878.1149ms
2024-03-15T13:38:17.873903553+01:00 - Key: 't', Latency: 152.8652ms
2024-03-15T13:38:18.158942680+01:00 - Key: 'l', Latency: 285.0352ms
2024-03-15T13:38:18.396376908+01:00 - Key: 'p', Latency: 237.4387ms
2024-03-15T13:38:18.621263082+01:00 - Key: 'n', Latency: 224.8867ms
2024-03-15T13:38:18.830295450+01:00 - Key: 'Enter', Latency: 209.0424ms
2024-03-15T13:38:19.659588725+01:00 - Key: '-', Latency: 829.1928ms
2024-03-15T13:38:19.784313162+01:00 - Key: '-', Latency: 124.7377ms
2024-03-15T13:38:19.985479283+01:00 - Key: 'h', Latency: 201.1586ms
2024-03-15T13:38:20.096000459+01:00 - Key: 'e', Latency: 110.5281ms
2024-03-15T13:38:20.184430983+01:00 - Key: 'l', Latency: 88.4228ms
2024-03-15T13:38:20.253859600+01:00 - Key: 'p', Latency: 69.4366ms
2024-03-15T13:38:20.376307565+01:00 - Key: 'Enter', Latency: 122.4591ms
2024-03-15T13:38:20.981007728+01:00 - Key: '-', Latency: 604.6282ms
2024-03-15T13:38:21.124873439+01:00 - Key: '-', Latency: 143.8713ms
2024-03-15T13:38:21.214086318+01:00 - Key: 'v', Latency: 89.2072ms
2024-03-15T13:38:21.331119933+01:00 - Key: 'e', Latency: 117.0315ms
2024-03-15T13:38:21.429313326+01:00 - Key: 'r', Latency: 98.1942ms
2024-03-15T13:38:21.580816461+01:00 - Key: 's', Latency: 151.5031ms
2024-03-15T13:38:21.669144854+01:00 - Key: 'i', Latency: 88.3330ms
2024-03-15T13:38:21.785033822+01:00 - Key: 'o', Latency: 115.8914ms
2024-03-15T13:38:21.895730743+01:00 - Key: 'n', Latency: 110.6408ms
2024-03-15T13:38:22.010798976+01:00 - Key: 'Enter', Latency: 115.1354ms
2024-03-15T13:38:22.594604507+01:00 - Key: '-', Latency: 583.7223ms
2024-03-15T13:38:22.747635364+01:00 - Key: 'a', Latency: 153.0439ms
2024-03-15T13:38:22.807034533+01:00 - Key: 'l', Latency: 59.3935ms
2024-03-15T13:38:22.948752769+01:00 - Key: 'Enter', Latency: 141.7330ms
